2017-12-12 12:39:11,954 - INFO - ****************************************用例开始！****************************************
2017-12-12 12:39:11,954 - INFO - ------------START:test1_1创建机构空间.CreateOrgSpace001_1.py------------
2017-12-12 12:39:12,963 - INFO - ------START:test1_1创建机构空间.CreateSpace.py------
2017-12-12 12:39:13,811 - INFO - 点击进入空间首页
2017-12-12 12:39:15,851 - INFO - 点击：+按钮
2017-12-12 12:39:16,964 - INFO - 选择：+机构空间
2017-12-12 12:39:23,736 - INFO - 输入企业全称：appium测试空间
2017-12-12 12:39:35,825 - INFO - 输入企业简称：appium测试空间
2017-12-12 12:39:39,952 - INFO - 点击标题
2017-12-12 12:39:41,175 - INFO - 点击机构类型
2017-12-12 12:39:44,950 - INFO - 选择机构类型：企业
2017-12-12 12:39:46,708 - INFO - 点击客户类型
2017-12-12 12:39:47,788 - INFO - 点击客户类型标签
2017-12-12 12:39:49,455 - INFO - 点击确定按钮
2017-12-12 12:39:50,667 - INFO - 点击所在地区
2017-12-12 12:39:51,517 - INFO - 选择北京省
2017-12-12 12:39:52,742 - INFO - 选择东城市
2017-12-12 12:39:54,740 - INFO - 确定提交
2017-12-12 12:39:56,526 - INFO - 点击去验证对公账号
2017-12-12 12:39:57,450 - INFO - 点击开户银行
2017-12-12 12:39:59,082 - INFO - 点击开户银行列表1中第1家银行
2017-12-12 12:40:00,445 - INFO - 点击开户银行列表2中第1家银行
2017-12-12 12:40:01,769 - INFO - 点击所在地区
2017-12-12 12:40:02,756 - INFO - 选择北京省
2017-12-12 12:40:03,732 - INFO - 选择东城市
2017-12-12 12:40:10,000 - INFO - 填写银行账户：123456
2017-12-12 12:40:14,014 - INFO - 确定提交
2017-12-12 12:40:15,665 - INFO - 点击返回
2017-12-12 12:40:16,669 - INFO - ------START:test1_1创建机构空间.CloseSpace.py-----
2017-12-12 12:40:22,352 - INFO - 搜索栏输入空间名:appium测试空间
2017-12-12 12:40:23,526 - INFO - 点击搜索按钮
2017-12-12 12:40:23,526 - INFO - 搜索栏搜索结果:appium测试空间
2017-12-12 12:40:24,660 - INFO - 点击进入空间:appium测试空间
2017-12-12 12:40:27,465 - INFO - 点击空间菜单栏
2017-12-12 12:40:28,620 - INFO - 点击关闭按钮
2017-12-12 12:40:30,690 - INFO - 点击确认关闭
2017-12-12 12:40:30,691 - INFO - ------END:test1_1创建机构空间.CloseSpace.pyy-----
2017-12-12 12:40:30,694 - INFO - ------------END:test1_1创建机构空间.CreateOrgSpace001_1.py------------
2017-12-12 12:40:30,694 - INFO - ~~~~~~~~~~~~~~~~~~~~~~~~~~~~~~~~~~~~~~~~用例结束！~~~~~~~~~~~~~~~~~~~~~~~~~~~~~~~~~~~~~~~~

2017-12-12 12:44:31,353 - INFO - ****************************************用例开始！****************************************
2017-12-12 12:44:31,354 - INFO - ------------START:test1_1创建机构空间.CreateOrgSpace001_1.py------------
2017-12-12 12:44:32,358 - INFO - ------START:test1_1创建机构空间.CreateSpace.py------
2017-12-12 12:44:33,321 - INFO - 点击进入空间首页
2017-12-12 12:44:35,494 - INFO - 点击：+按钮
2017-12-12 12:44:36,668 - INFO - 选择：+机构空间
2017-12-12 12:44:44,367 - INFO - 输入企业全称：appium测试空间
2017-12-12 12:44:56,878 - INFO - 输入企业简称：appium测试空间
2017-12-12 12:45:00,901 - INFO - 点击标题
2017-12-12 12:45:01,683 - INFO - 点击机构类型
2017-12-12 12:45:05,467 - INFO - 选择机构类型：企业
2017-12-12 12:45:07,343 - INFO - 点击客户类型
2017-12-12 12:45:08,805 - INFO - 点击客户类型标签
2017-12-12 12:45:10,160 - INFO - 点击确定按钮
2017-12-12 12:45:11,307 - INFO - 点击所在地区
2017-12-12 12:45:12,375 - INFO - 选择北京省
2017-12-12 12:45:13,500 - INFO - 选择东城市
2017-12-12 12:45:15,546 - INFO - 确定提交
2017-12-12 12:45:16,906 - INFO - 点击去验证对公账号
2017-12-12 12:45:17,920 - INFO - 点击开户银行
2017-12-12 12:45:19,350 - INFO - 点击开户银行列表1中第1家银行
2017-12-12 12:45:21,374 - INFO - 点击开户银行列表2中第1家银行
2017-12-12 12:45:22,755 - INFO - 点击所在地区
2017-12-12 12:45:23,572 - INFO - 选择北京省
2017-12-12 12:45:24,707 - INFO - 选择东城市
2017-12-12 12:45:31,338 - INFO - 填写银行账户：123456
2017-12-12 12:45:35,117 - INFO - 确定提交
2017-12-12 12:45:36,596 - INFO - 点击返回
2017-12-12 12:45:37,600 - INFO - ------START:test1_1创建机构空间.CloseSpace.py-----
2017-12-12 12:45:42,707 - INFO - 搜索栏输入空间名:appium测试空间
2017-12-12 12:45:43,733 - INFO - 点击搜索按钮
2017-12-12 12:45:43,733 - INFO - 搜索栏搜索结果:appium测试空间
2017-12-12 12:45:44,863 - INFO - 点击进入空间:appium测试空间
2017-12-12 12:45:46,955 - INFO - 点击空间菜单栏
2017-12-12 12:45:48,024 - INFO - 点击关闭按钮
2017-12-12 12:45:50,016 - INFO - 点击确认关闭
2017-12-12 12:45:50,016 - INFO - ------END:test1_1创建机构空间.CloseSpace.pyy-----
2017-12-12 12:45:50,018 - INFO - ------------END:test1_1创建机构空间.CreateOrgSpace001_1.py------------
2017-12-12 12:45:50,019 - INFO - ~~~~~~~~~~~~~~~~~~~~~~~~~~~~~~~~~~~~~~~~用例结束！~~~~~~~~~~~~~~~~~~~~~~~~~~~~~~~~~~~~~~~~

2017-12-12 12:56:43,366 - INFO - {{{{{{{{{{{{{{{{{{{{{{{{{{{{{{{{{{{{{{{{START:RUNCASSE1}}}}}}}}}}}}}}}}}}}}}}}}}}}}}}}}}}}}}}
2017-12-12 12:56:43,367 - INFO - 报告存储路径：/Users/xiaojingyuan/PycharmProjects/Appium/YunluFramework/report/testreport/
2017-12-12 12:56:43,367 - INFO - 测试报告名称：/Users/xiaojingyuan/PycharmProjects/Appium/YunluFramework/report/testreport/20171212125643.html
2017-12-12 12:56:43,367 - INFO - 运行测试用例！
2017-12-12 12:57:22,929 - INFO - {{{{{{{{{{{{{{{{{{{{{{{{{{{{{{{{{{{{{{{{START:RUNCASSE1}}}}}}}}}}}}}}}}}}}}}}}}}}}}}}}}}}}}}}
2017-12-12 12:57:22,930 - INFO - 报告存储路径：/Users/xiaojingyuan/PycharmProjects/Appium/YunluFramework/report/testreport/
2017-12-12 12:57:22,931 - INFO - 测试报告名称：/Users/xiaojingyuan/PycharmProjects/Appium/YunluFramework/report/testreport/20171212125722.html
2017-12-12 12:57:22,931 - INFO - 运行测试用例！
2017-12-12 12:58:19,137 - INFO - ****************************************用例开始！****************************************
2017-12-12 12:58:19,137 - INFO - ------------START:test1_1创建机构空间.CreateOrgSpace001_1.py------------
2017-12-12 12:58:20,144 - INFO - ------START:test1_1创建机构空间.CreateSpace.py------
2017-12-12 12:58:22,864 - INFO - 点击进入空间首页
2017-12-12 12:58:24,623 - INFO - 点击：+按钮
2017-12-12 12:58:25,690 - INFO - 选择：+机构空间
2017-12-12 12:58:33,301 - INFO - 输入企业全称：appium测试空间
2017-12-12 12:58:46,719 - INFO - 输入企业简称：appium测试空间
2017-12-12 12:58:50,663 - INFO - 点击标题
2017-12-12 12:58:51,261 - INFO - 点击机构类型
2017-12-12 12:58:55,130 - INFO - 选择机构类型：企业
2017-12-12 12:58:56,996 - INFO - 点击客户类型
2017-12-12 12:59:00,575 - INFO - {{{{{{{{{{{{{{{{{{{{{{{{{{{{{{{{{{{{{{{{START:RUNCASSE1}}}}}}}}}}}}}}}}}}}}}}}}}}}}}}}}}}}}}}
2017-12-12 12:59:00,575 - INFO - 报告存储路径：/Users/xiaojingyuan/PycharmProjects/Appium/YunluFramework/report/testreport/
2017-12-12 12:59:00,576 - INFO - 测试报告名称：/Users/xiaojingyuan/PycharmProjects/Appium/YunluFramework/report/testreport/20171212125900.html
2017-12-12 12:59:00,576 - INFO - 运行测试用例！
2017-12-12 12:59:16,711 - INFO - {{{{{{{{{{{{{{{{{{{{{{{{{{{{{{{{{{{{{{{{START:RUNCASSE1}}}}}}}}}}}}}}}}}}}}}}}}}}}}}}}}}}}}}}
2017-12-12 12:59:16,712 - INFO - 报告存储路径：/Users/xiaojingyuan/PycharmProjects/Appium/YunluFramework/report/testreport/
2017-12-12 12:59:16,712 - INFO - 测试报告名称：/Users/xiaojingyuan/PycharmProjects/Appium/YunluFramework/report/testreport/20171212125916.html
2017-12-12 12:59:16,713 - INFO - 运行测试用例！
2017-12-12 13:00:10,929 - INFO - ****************************************用例开始！****************************************
2017-12-12 13:00:10,929 - INFO - ------------START:test1_1创建机构空间.CreateOrgSpace001_1.py------------
2017-12-12 13:00:11,934 - INFO - ------START:test1_1创建机构空间.CreateSpace.py------
2017-12-12 13:00:13,611 - INFO - 点击进入空间首页
2017-12-12 13:00:15,447 - INFO - 点击：+按钮
2017-12-12 13:00:16,555 - INFO - 选择：+机构空间
2017-12-12 13:00:24,062 - INFO - 输入企业全称：appium测试空间
2017-12-12 13:00:36,888 - INFO - 输入企业简称：appium测试空间
2017-12-12 13:00:40,712 - INFO - 点击标题
2017-12-12 13:00:41,296 - INFO - 点击机构类型
2017-12-12 13:00:45,032 - INFO - 选择机构类型：企业
2017-12-12 13:00:46,769 - INFO - 点击客户类型
2017-12-12 13:00:48,286 - INFO - 点击客户类型标签
2017-12-12 13:00:49,808 - INFO - 点击确定按钮
2017-12-12 13:00:50,891 - INFO - 点击所在地区
2017-12-12 13:00:51,995 - INFO - 选择北京省
2017-12-12 13:00:53,421 - INFO - 选择东城市
2017-12-12 13:00:55,412 - INFO - 确定提交
2017-12-12 13:00:57,102 - INFO - 点击去验证对公账号
2017-12-12 13:00:58,034 - INFO - 点击开户银行
2017-12-12 13:00:59,441 - INFO - 点击开户银行列表1中第1家银行
2017-12-12 13:01:00,910 - INFO - 点击开户银行列表2中第1家银行
2017-12-12 13:01:02,212 - INFO - 点击所在地区
2017-12-12 13:01:03,714 - INFO - 选择北京省
2017-12-12 13:01:06,593 - ERROR - CreateSpace Inside : Message: An element could not be located on the page using the given search parameters.

2017-12-12 13:01:06,594 - INFO - ------START:test1_1创建机构空间.CloseSpace.py-----
2017-12-12 13:01:12,529 - ERROR - 元素: com.yunlu6.yunlu:id/edit_text 在5秒内未定位到
2017-12-12 13:01:15,813 - ERROR - 元素：com.yunlu6.yunlu:id/edit_text 请求超时,定位失败
2017-12-12 13:01:15,814 - ERROR - 元素：com.yunlu6.yunlu:id/edit_text 无法聚焦,发送文本失败
2017-12-12 13:01:15,816 - ERROR - CloseSpace Inside : Tue Dec 12 13:01:15 2017 元素：空间列表-搜索框-发送文本失败
2017-12-12 13:01:15,818 - INFO - ------------END:test1_1创建机构空间.CreateOrgSpace001_1.py------------
2017-12-12 13:01:15,818 - INFO - ~~~~~~~~~~~~~~~~~~~~~~~~~~~~~~~~~~~~~~~~用例结束！~~~~~~~~~~~~~~~~~~~~~~~~~~~~~~~~~~~~~~~~

2017-12-12 13:01:22,677 - INFO - 与邮件服务器：smtp.163.com建立连接
2017-12-12 13:01:22,903 - INFO - 登录邮件服务器，用户名：13027104206@163.com，密码：xjyxjy1016
2017-12-12 13:01:24,873 - INFO - 发件人为：13027104206@163.com
2017-12-12 13:01:24,874 - INFO - 收件人为：['291008572@qq.com']
2017-12-12 13:01:24,876 - INFO - 发送邮件成功
2017-12-12 13:01:24,877 - INFO - {{{{{{{{{{{{{{{{{{{{{{{{{{{{{{{{{{{{{{{{END:RUNCASSE1}}}}}}}}}}}}}}}}}}}}}}}}}}}}}}}}}}}}}}
2017-12-12 13:40:26,683 - INFO - {{{{{{{{{{{{{{{{{{{{{{{{{{{{{{{{{{{{{{{{START:RUNCASSE1}}}}}}}}}}}}}}}}}}}}}}}}}}}}}}}}}}}}}}
2017-12-12 13:40:26,684 - INFO - 报告存储路径：/Users/xiaojingyuan/PycharmProjects/Appium/YunluFramework/report/testreport/
2017-12-12 13:40:26,684 - INFO - 测试报告名称：/Users/xiaojingyuan/PycharmProjects/Appium/YunluFramework/report/testreport/20171212134026.html
2017-12-12 13:40:26,684 - INFO - 运行测试用例！
2017-12-12 13:41:21,191 - INFO - ****************************************用例开始！****************************************
2017-12-12 13:41:21,192 - INFO - ------------START:test1_1创建机构空间.CreateOrgSpace001_1.py------------
2017-12-12 13:41:22,198 - INFO - ------START:test1_1创建机构空间.CreateSpace.py------
2017-12-12 13:41:29,480 - INFO - 点击进入空间首页
2017-12-12 13:41:30,505 - INFO - 点击：+按钮
2017-12-12 13:41:31,512 - INFO - 选择：+机构空间
2017-12-12 13:41:38,956 - INFO - 输入企业全称：appium测试空间
2017-12-12 13:41:52,389 - INFO - 输入企业简称：appium测试空间
2017-12-12 13:41:56,651 - INFO - 点击标题
2017-12-12 13:41:57,307 - INFO - 点击机构类型
2017-12-12 13:42:01,105 - INFO - 选择机构类型：企业
2017-12-12 13:42:03,102 - INFO - 点击客户类型
2017-12-12 13:42:04,637 - INFO - 点击客户类型标签
2017-12-12 13:42:05,865 - INFO - 点击确定按钮
2017-12-12 13:42:07,042 - INFO - 点击所在地区
2017-12-12 13:42:08,718 - INFO - 选择北京省
2017-12-12 13:42:10,536 - INFO - 选择东城市
2017-12-12 13:42:12,452 - INFO - 确定提交
2017-12-12 13:42:14,073 - INFO - 点击去验证对公账号
2017-12-12 13:42:14,877 - INFO - 点击开户银行
2017-12-12 13:42:17,036 - INFO - 点击开户银行列表1中第1家银行
2017-12-12 13:42:18,991 - INFO - 点击开户银行列表2中第1家银行
2017-12-12 13:42:20,139 - INFO - 点击所在地区
2017-12-12 13:42:20,935 - INFO - 选择北京省
2017-12-12 13:42:22,036 - INFO - 选择东城市
2017-12-12 13:42:28,531 - INFO - 填写银行账户：123456
2017-12-12 13:42:32,341 - INFO - 确定提交
2017-12-12 13:42:33,884 - INFO - 点击返回
2017-12-12 13:42:34,889 - INFO - ------START:test1_1创建机构空间.CloseSpace.py-----
2017-12-12 13:42:40,251 - INFO - 搜索栏输入空间名:appium测试空间
2017-12-12 13:42:41,579 - INFO - 点击搜索按钮
2017-12-12 13:42:41,579 - INFO - 搜索栏搜索结果:appium测试空间
2017-12-12 13:42:42,914 - INFO - 点击进入空间:appium测试空间
2017-12-12 13:42:44,311 - INFO - 点击空间菜单栏
2017-12-12 13:42:49,440 - INFO - 点击关闭按钮
2017-12-12 13:42:50,348 - INFO - 点击确认关闭
2017-12-12 13:42:50,349 - INFO - ------END:test1_1创建机构空间.CloseSpace.pyy-----
2017-12-12 13:42:50,351 - INFO - ------------END:test1_1创建机构空间.CreateOrgSpace001_1.py------------
2017-12-12 13:42:50,351 - INFO - ~~~~~~~~~~~~~~~~~~~~~~~~~~~~~~~~~~~~~~~~用例结束！~~~~~~~~~~~~~~~~~~~~~~~~~~~~~~~~~~~~~~~~

2017-12-12 13:42:55,655 - INFO - 与邮件服务器：smtp.163.com建立连接
2017-12-12 13:42:55,911 - INFO - 登录邮件服务器，用户名：13027104206@163.com，密码：xjyxjy1016
2017-12-12 13:42:58,754 - INFO - 发件人为：13027104206@163.com
2017-12-12 13:42:58,755 - INFO - 收件人为：['291008572@qq.com']
2017-12-12 13:42:58,757 - INFO - 发送邮件成功
2017-12-12 13:42:58,758 - INFO - {{{{{{{{{{{{{{{{{{{{{{{{{{{{{{{{{{{{{{{{END:RUNCASSE1}}}}}}}}}}}}}}}}}}}}}}}}}}}}}}}}}}}}}}
2017-12-12 13:45:00,177 - INFO - {{{{{{{{{{{{{{{{{{{{{{{{{{{{{{{{{{{{{{{{START:RUNCASSE1}}}}}}}}}}}}}}}}}}}}}}}}}}}}}}}}}}}}}}
2017-12-12 13:45:00,178 - INFO - 报告存储路径：/Users/xiaojingyuan/PycharmProjects/Appium/YunluFramework/report/testreport/
2017-12-12 13:45:00,178 - INFO - 测试报告名称：/Users/xiaojingyuan/PycharmProjects/Appium/YunluFramework/report/testreport/20171212134500.html
2017-12-12 13:45:00,179 - INFO - 运行测试用例！
2017-12-12 13:45:54,775 - INFO - ****************************************用例开始！****************************************
2017-12-12 13:45:54,776 - INFO - ------------START:test1_1创建机构空间.CreateOrgSpace001_1.py------------
2017-12-12 13:45:55,780 - INFO - ------START:test1_1创建机构空间.CreateSpace.py------
2017-12-12 13:45:56,913 - INFO - 点击进入空间首页
2017-12-12 13:45:59,061 - INFO - 点击：+按钮
2017-12-12 13:46:00,176 - INFO - 选择：+机构空间
2017-12-12 13:46:00,176 - INFO - ------------END:test1_1创建机构空间.CreateOrgSpace001_1.py------------
2017-12-12 13:46:00,178 - INFO - ~~~~~~~~~~~~~~~~~~~~~~~~~~~~~~~~~~~~~~~~用例结束！~~~~~~~~~~~~~~~~~~~~~~~~~~~~~~~~~~~~~~~~

2017-12-12 13:46:05,402 - INFO - 与邮件服务器：smtp.163.com建立连接
2017-12-12 13:46:05,463 - INFO - 登录邮件服务器，用户名：13027104206@163.com，密码：xjyxjy1016
2017-12-12 13:46:05,639 - INFO - 发件人为：13027104206@163.com
2017-12-12 13:46:05,639 - INFO - 收件人为：['291008572@qq.com']
2017-12-12 13:46:05,641 - INFO - 发送邮件成功
2017-12-12 13:46:05,642 - INFO - {{{{{{{{{{{{{{{{{{{{{{{{{{{{{{{{{{{{{{{{END:RUNCASSE1}}}}}}}}}}}}}}}}}}}}}}}}}}}}}}}}}}}}}}
2017-12-12 13:46:33,781 - INFO - {{{{{{{{{{{{{{{{{{{{{{{{{{{{{{{{{{{{{{{{START:RUNCASSE1}}}}}}}}}}}}}}}}}}}}}}}}}}}}}}}}}}}}}}
2017-12-12 13:46:33,782 - INFO - 报告存储路径：/Users/xiaojingyuan/PycharmProjects/Appium/YunluFramework/report/testreport/
2017-12-12 13:46:33,782 - INFO - 测试报告名称：/Users/xiaojingyuan/PycharmProjects/Appium/YunluFramework/report/testreport/20171212134633.html
2017-12-12 13:46:33,782 - INFO - 运行测试用例！
2017-12-12 13:47:28,018 - INFO - ****************************************用例开始！****************************************
2017-12-12 13:47:28,018 - INFO - ------------START:test1_1创建机构空间.CreateOrgSpace001_1.py------------
2017-12-12 13:47:29,026 - INFO - ------START:test1_1创建机构空间.CreateSpace.py------
2017-12-12 13:47:29,540 - INFO - 点击进入空间首页
2017-12-12 13:47:31,987 - INFO - 点击：+按钮
2017-12-12 13:47:33,801 - INFO - 选择：+机构空间
2017-12-12 13:47:33,802 - INFO - ------------END:test1_1创建机构空间.CreateOrgSpace001_1.py------------
2017-12-12 13:47:33,804 - INFO - ~~~~~~~~~~~~~~~~~~~~~~~~~~~~~~~~~~~~~~~~用例结束！~~~~~~~~~~~~~~~~~~~~~~~~~~~~~~~~~~~~~~~~

2017-12-12 13:47:38,887 - INFO - 与邮件服务器：smtp.163.com建立连接
2017-12-12 13:47:39,017 - INFO - 登录邮件服务器，用户名：13027104206@163.com，密码：xjyxjy1016
2017-12-12 13:47:39,394 - INFO - 发件人为：13027104206@163.com
2017-12-12 13:47:39,395 - INFO - 收件人为：['291008572@qq.com']
2017-12-12 13:47:39,397 - INFO - 发送邮件成功
2017-12-12 13:47:39,398 - INFO - {{{{{{{{{{{{{{{{{{{{{{{{{{{{{{{{{{{{{{{{END:RUNCASSE1}}}}}}}}}}}}}}}}}}}}}}}}}}}}}}}}}}}}}}
2017-12-12 16:28:41,342 - INFO - {{{{{{{{{{{{{{{{{{{{{{{{{{{{{{{{{{{{{{{{START:RUNCASSE1}}}}}}}}}}}}}}}}}}}}}}}}}}}}}}}}}}}}}}
2017-12-12 16:28:41,343 - INFO - 报告存储路径：/Users/xiaojingyuan/PycharmProjects/Appium/YunluFramework/report/testreport/
2017-12-12 16:28:41,343 - INFO - 测试报告名称：/Users/xiaojingyuan/PycharmProjects/Appium/YunluFramework/report/testreport/20171212162841.html
2017-12-12 16:28:41,344 - INFO - 运行测试用例！
2017-12-12 16:29:36,453 - INFO - ****************************************用例开始！****************************************
2017-12-12 16:29:36,453 - INFO - ------------START:test1_1创建机构空间.CreateOrgSpace001_1.py------------
2017-12-12 16:29:37,460 - INFO - ------START:test1_1创建机构空间.CreateSpace.py------
2017-12-12 16:29:38,197 - INFO - 点击进入空间首页
2017-12-12 16:29:40,033 - INFO - 点击：+按钮
2017-12-12 16:29:41,118 - INFO - 选择：+机构空间
2017-12-12 16:29:41,119 - INFO - ------------END:test1_1创建机构空间.CreateOrgSpace001_1.py------------
2017-12-12 16:29:41,121 - INFO - ~~~~~~~~~~~~~~~~~~~~~~~~~~~~~~~~~~~~~~~~用例结束！~~~~~~~~~~~~~~~~~~~~~~~~~~~~~~~~~~~~~~~~

2017-12-12 16:29:50,227 - INFO - 与邮件服务器：smtp.163.com建立连接
2017-12-12 16:29:50,353 - INFO - 登录邮件服务器，用户名：13027104206@163.com，密码：xjyxjy1016
2017-12-12 16:29:51,563 - INFO - 发件人为：13027104206@163.com
2017-12-12 16:29:51,563 - INFO - 收件人为：['291008572@qq.com']
2017-12-12 16:29:51,566 - INFO - 发送邮件成功
2017-12-12 16:29:51,566 - INFO - {{{{{{{{{{{{{{{{{{{{{{{{{{{{{{{{{{{{{{{{END:RUNCASSE1}}}}}}}}}}}}}}}}}}}}}}}}}}}}}}}}}}}}}}
2017-12-12 16:33:21,385 - INFO - {{{{{{{{{{{{{{{{{{{{{{{{{{{{{{{{{{{{{{{{START:RUNCASSE1}}}}}}}}}}}}}}}}}}}}}}}}}}}}}}}}}}}}}}
2017-12-12 16:33:21,385 - INFO - 报告存储路径：/Users/xiaojingyuan/PycharmProjects/Appium/YunluFramework/report/testreport/
2017-12-12 16:33:21,386 - INFO - 测试报告名称：/Users/xiaojingyuan/PycharmProjects/Appium/YunluFramework/report/testreport/20171212163321.html
2017-12-12 16:33:21,386 - INFO - 运行测试用例！
2017-12-12 16:34:16,629 - INFO - ****************************************用例开始！****************************************
2017-12-12 16:34:16,629 - INFO - ------------START:test1_1创建机构空间.CreateOrgSpace001_1.py------------
2017-12-12 16:34:17,635 - INFO - ------START:test1_1创建机构空间.CreateSpace.py------
2017-12-12 16:34:18,213 - INFO - 点击进入空间首页
2017-12-12 16:34:20,255 - INFO - 点击：+按钮
2017-12-12 16:34:21,362 - INFO - 选择：+机构空间
2017-12-12 16:34:29,282 - INFO - 输入企业全称：appium测试空间
2017-12-12 16:34:41,220 - INFO - 输入企业简称：appium测试空间
2017-12-12 16:34:45,347 - INFO - 点击标题
2017-12-12 16:34:45,806 - INFO - 点击机构类型
2017-12-12 16:34:49,587 - INFO - 选择机构类型：企业
2017-12-12 16:34:51,179 - INFO - 点击客户类型
2017-12-12 16:34:52,188 - INFO - 点击客户类型标签
2017-12-12 16:34:53,547 - INFO - 点击确定按钮
2017-12-12 16:34:54,803 - INFO - 点击所在地区
2017-12-12 16:34:56,020 - INFO - 选择北京省
2017-12-12 16:34:57,714 - INFO - 选择东城市
2017-12-12 16:34:59,574 - INFO - 确定提交
2017-12-12 16:35:01,008 - INFO - 点击去验证对公账号
2017-12-12 16:35:01,883 - INFO - 点击开户银行
2017-12-12 16:35:03,471 - INFO - 点击开户银行列表1中第1家银行
2017-12-12 16:35:05,383 - INFO - 点击开户银行列表2中第1家银行
2017-12-12 16:35:06,690 - INFO - 点击所在地区
2017-12-12 16:35:07,582 - INFO - 选择北京省
2017-12-12 16:35:08,620 - INFO - 选择东城市
2017-12-12 16:35:14,666 - INFO - 填写银行账户：123456
2017-12-12 16:35:18,546 - INFO - 确定提交
2017-12-12 16:35:20,242 - INFO - 点击返回
2017-12-12 16:35:21,246 - INFO - ------START:test1_1创建机构空间.CloseSpace.py-----
2017-12-12 16:35:26,593 - INFO - 搜索栏输入空间名:appium测试空间
2017-12-12 16:35:27,907 - INFO - 点击搜索按钮
2017-12-12 16:35:27,908 - INFO - 搜索栏搜索结果:appium测试空间
2017-12-12 16:35:29,015 - INFO - 点击进入空间:appium测试空间
2017-12-12 16:35:31,152 - INFO - 点击空间菜单栏
2017-12-12 16:35:32,334 - INFO - 点击关闭按钮
2017-12-12 16:35:34,369 - INFO - 点击确认关闭
2017-12-12 16:35:34,369 - INFO - ------END:test1_1创建机构空间.CloseSpace.pyy-----
2017-12-12 16:35:34,371 - INFO - ------------END:test1_1创建机构空间.CreateOrgSpace001_1.py------------
2017-12-12 16:35:34,372 - INFO - ~~~~~~~~~~~~~~~~~~~~~~~~~~~~~~~~~~~~~~~~用例结束！~~~~~~~~~~~~~~~~~~~~~~~~~~~~~~~~~~~~~~~~

2017-12-12 16:35:40,591 - INFO - 与邮件服务器：smtp.163.com建立连接
2017-12-12 16:35:40,912 - INFO - 登录邮件服务器，用户名：13027104206@163.com，密码：xjyxjy1016
2017-12-12 16:35:41,128 - INFO - 发件人为：13027104206@163.com
2017-12-12 16:35:41,129 - INFO - 收件人为：['291008572@qq.com']
2017-12-12 16:35:41,131 - INFO - 发送邮件成功
2017-12-12 16:35:41,132 - INFO - {{{{{{{{{{{{{{{{{{{{{{{{{{{{{{{{{{{{{{{{END:RUNCASSE1}}}}}}}}}}}}}}}}}}}}}}}}}}}}}}}}}}}}}}
2017-12-13 10:17:12,864 - INFO - ****************************************用例开始！****************************************
2017-12-13 10:17:12,865 - INFO - ------------START:test1_1创建机构空间.CreateOrgSpace001_1.py------------
2017-12-13 10:17:13,870 - INFO - ------START:test1_1创建机构空间.CreateSpace.py------
2017-12-13 10:17:14,459 - INFO - 点击进入空间首页
2017-12-13 10:17:16,102 - INFO - 点击：+按钮
2017-12-13 10:17:17,311 - INFO - 选择：+机构空间
2017-12-13 10:17:24,610 - INFO - 输入企业全称：appium测试空间
2017-12-13 10:17:40,386 - INFO - 输入企业简称：appium测试空间
2017-12-13 10:17:44,239 - INFO - 点击标题
2017-12-13 10:17:45,264 - INFO - 点击机构类型
2017-12-13 10:17:49,016 - INFO - 选择机构类型：企业
2017-12-13 10:17:50,565 - INFO - 点击客户类型
2017-12-13 10:17:51,808 - ERROR - 元素：com.yunlu6.yunlu:id/tag_id 无法点击,点击失败
2017-12-13 10:17:51,809 - ERROR - CreateSpace Inside : Wed Dec 13 10:17:51 2017 点击元素：定位空间列表-主菜单-'+机构空间'-客户类型-客户类型标签-失败
2017-12-13 10:17:51,814 - INFO - ------------END:test1_1创建机构空间.CreateOrgSpace001_1.py------------
2017-12-13 10:17:51,815 - INFO - ~~~~~~~~~~~~~~~~~~~~~~~~~~~~~~~~~~~~~~~~用例结束！~~~~~~~~~~~~~~~~~~~~~~~~~~~~~~~~~~~~~~~~

2017-12-13 10:25:45,899 - INFO - ****************************************用例开始！****************************************
2017-12-13 10:25:45,900 - INFO - ------------START:test1_1创建机构空间.CreateOrgSpace001_1.py------------
2017-12-13 10:25:46,908 - INFO - ------START:test1_1创建机构空间.CreateSpace.py------
2017-12-13 10:25:47,422 - INFO - 点击进入空间首页
2017-12-13 10:25:48,959 - INFO - 点击：+按钮
2017-12-13 10:25:50,420 - INFO - 选择：+机构空间
2017-12-13 10:25:57,536 - INFO - 输入企业全称：appium测试空间
2017-12-13 10:26:03,800 - INFO - 输入企业简称：appium测试空间
2017-12-13 10:26:08,576 - INFO - 点击标题
2017-12-13 10:26:09,138 - INFO - 点击机构类型
2017-12-13 10:26:16,029 - ERROR - 元素: com.yunlu6.yunlu:id/btn_pop_company 在5秒内未定位到
2017-12-13 10:26:17,289 - ERROR - 元素：com.yunlu6.yunlu:id/btn_pop_company 请求超时,定位失败
2017-12-13 10:26:17,290 - ERROR - 元素：com.yunlu6.yunlu:id/btn_pop_company 无法点击,点击失败
2017-12-13 10:26:17,293 - ERROR - CreateSpace Inside : Wed Dec 13 10:26:17 2017 点击元素：定位空间列表-主菜单-'+机构空间'-机构类型-企业-失败
2017-12-13 10:26:17,298 - INFO - ------------END:test1_1创建机构空间.CreateOrgSpace001_1.py------------
2017-12-13 10:26:17,299 - INFO - ~~~~~~~~~~~~~~~~~~~~~~~~~~~~~~~~~~~~~~~~用例结束！~~~~~~~~~~~~~~~~~~~~~~~~~~~~~~~~~~~~~~~~

2017-12-13 10:27:53,295 - INFO - ****************************************用例开始！****************************************
2017-12-13 10:27:53,296 - INFO - ------------START:test1_1创建机构空间.CreateOrgSpace001_1.py------------
2017-12-13 10:27:54,300 - INFO - ------START:test1_1创建机构空间.CreateSpace.py------
2017-12-13 10:27:54,795 - INFO - 点击进入空间首页
2017-12-13 10:27:56,842 - INFO - 点击：+按钮
2017-12-13 10:27:58,062 - INFO - 选择：+机构空间
2017-12-13 10:28:05,655 - INFO - 输入企业全称：appium测试空间
2017-12-13 10:28:20,403 - INFO - 输入企业简称：appium测试空间
2017-12-13 10:28:24,650 - INFO - 点击标题
2017-12-13 10:28:25,240 - INFO - 点击机构类型
2017-12-13 10:28:30,248 - ERROR - 元素: com.yunlu6.yunlu:id/btn_pop_company 在5秒内未定位到
2017-12-13 10:28:31,781 - ERROR - 元素：com.yunlu6.yunlu:id/btn_pop_company 请求超时,定位失败
2017-12-13 10:28:31,782 - ERROR - 元素：com.yunlu6.yunlu:id/btn_pop_company 无法点击,点击失败
2017-12-13 10:28:31,784 - ERROR - CreateSpace Inside : Wed Dec 13 10:28:31 2017 点击元素：定位空间列表-主菜单-'+机构空间'-机构类型-企业-失败
2017-12-13 10:28:31,789 - INFO - ------------END:test1_1创建机构空间.CreateOrgSpace001_1.py------------
2017-12-13 10:28:31,789 - INFO - ~~~~~~~~~~~~~~~~~~~~~~~~~~~~~~~~~~~~~~~~用例结束！~~~~~~~~~~~~~~~~~~~~~~~~~~~~~~~~~~~~~~~~

2017-12-13 10:47:41,885 - INFO - ****************************************用例开始！****************************************
2017-12-13 10:47:41,886 - INFO - ------------START:test1_1创建机构空间.CreateOrgSpace001_1.py------------
2017-12-13 10:47:42,892 - INFO - ------START:test1_1创建机构空间.CreateSpace.py------
2017-12-13 10:47:43,445 - INFO - 点击进入空间首页
2017-12-13 10:47:45,615 - INFO - 点击：+按钮
2017-12-13 10:47:46,729 - INFO - 选择：+机构空间
2017-12-13 10:47:54,629 - INFO - 输入企业全称：appium测试空间
2017-12-13 10:48:09,411 - INFO - 输入企业简称：appium测试空间
2017-12-13 10:48:14,612 - INFO - 点击标题
2017-12-13 10:48:15,314 - INFO - 点击机构类型
2017-12-13 10:48:19,408 - INFO - 选择机构类型：企业
2017-12-13 10:48:20,899 - INFO - 点击客户类型
2017-12-13 10:48:27,628 - ERROR - 元素: com.yunlu6.yunlu:id/tag_id 在5秒内未定位到
2017-12-13 10:48:29,933 - ERROR - 元素：com.yunlu6.yunlu:id/tag_id 无法点击,点击失败
2017-12-13 10:48:29,933 - ERROR - CreateSpace Inside : Wed Dec 13 10:48:29 2017 点击元素：定位空间列表-主菜单-'+机构空间'-客户类型-客户类型标签-失败
2017-12-13 10:48:29,937 - INFO - ------------END:test1_1创建机构空间.CreateOrgSpace001_1.py------------
2017-12-13 10:48:29,938 - INFO - ~~~~~~~~~~~~~~~~~~~~~~~~~~~~~~~~~~~~~~~~用例结束！~~~~~~~~~~~~~~~~~~~~~~~~~~~~~~~~~~~~~~~~

2017-12-13 10:52:13,218 - INFO - ****************************************用例开始！****************************************
2017-12-13 10:52:13,219 - INFO - ------------START:test1_1创建机构空间.CreateOrgSpace001_1.py------------
2017-12-13 10:52:14,227 - INFO - ------START:test1_1创建机构空间.CreateSpace.py------
2017-12-13 10:52:14,714 - INFO - 点击进入空间首页
2017-12-13 10:52:16,555 - INFO - 点击：+按钮
2017-12-13 10:52:17,619 - INFO - 选择：+机构空间
2017-12-13 10:52:24,540 - INFO - 输入企业全称：appium测试空间
2017-12-13 10:52:37,131 - INFO - 输入企业简称：appium测试空间
2017-12-13 10:52:41,219 - INFO - 点击标题
2017-12-13 10:52:41,697 - INFO - 点击机构类型
2017-12-13 10:52:49,090 - ERROR - 元素: com.yunlu6.yunlu:id/btn_pop_company 在5秒内未定位到
2017-12-13 10:52:50,463 - ERROR - 元素：com.yunlu6.yunlu:id/btn_pop_company 请求超时,定位失败
2017-12-13 10:52:50,464 - ERROR - 元素：com.yunlu6.yunlu:id/btn_pop_company 无法点击,点击失败
2017-12-13 10:52:50,466 - ERROR - CreateSpace Inside : Wed Dec 13 10:52:50 2017 点击元素：定位空间列表-主菜单-'+机构空间'-机构类型-企业-失败
2017-12-13 10:52:50,471 - INFO - ------------END:test1_1创建机构空间.CreateOrgSpace001_1.py------------
2017-12-13 10:52:50,471 - INFO - ~~~~~~~~~~~~~~~~~~~~~~~~~~~~~~~~~~~~~~~~用例结束！~~~~~~~~~~~~~~~~~~~~~~~~~~~~~~~~~~~~~~~~

2017-12-13 10:59:08,192 - INFO - ****************************************用例开始！****************************************
2017-12-13 10:59:08,193 - INFO - ------------START:test1_1创建机构空间.CreateOrgSpace001_1.py------------
2017-12-13 10:59:09,198 - INFO - ------START:test1_1创建机构空间.CreateSpace.py------
2017-12-13 10:59:09,771 - INFO - 点击进入空间首页
2017-12-13 10:59:11,807 - INFO - 点击：+按钮
2017-12-13 10:59:12,936 - INFO - 选择：+机构空间
2017-12-13 10:59:20,366 - INFO - 输入企业全称：appium测试空间
2017-12-13 10:59:35,641 - INFO - 输入企业简称：appium测试空间
2017-12-13 10:59:40,607 - INFO - 点击标题
2017-12-13 10:59:40,962 - INFO - 点击机构类型
2017-12-13 10:59:48,464 - ERROR - 元素: com.yunlu6.yunlu:id/btn_pop_company 在5秒内未定位到
2017-12-13 10:59:50,071 - ERROR - 元素：com.yunlu6.yunlu:id/btn_pop_company 请求超时,定位失败
2017-12-13 10:59:50,072 - ERROR - 元素：com.yunlu6.yunlu:id/btn_pop_company 无法点击,点击失败
2017-12-13 10:59:50,072 - ERROR - CreateSpace Inside : Wed Dec 13 10:59:50 2017 点击元素：定位空间列表-主菜单-'+机构空间'-机构类型-企业-失败
2017-12-13 10:59:50,077 - INFO - ------------END:test1_1创建机构空间.CreateOrgSpace001_1.py------------
2017-12-13 10:59:50,077 - INFO - ~~~~~~~~~~~~~~~~~~~~~~~~~~~~~~~~~~~~~~~~用例结束！~~~~~~~~~~~~~~~~~~~~~~~~~~~~~~~~~~~~~~~~

2017-12-13 11:25:27,506 - INFO - ****************************************用例开始！****************************************
2017-12-13 11:25:27,507 - INFO - ------------START:test1_1创建机构空间.CreateOrgSpace001_1.py------------
2017-12-13 11:25:28,512 - INFO - ------START:test1_1创建机构空间.CreateSpace.py------
2017-12-13 11:25:28,890 - INFO - 点击进入空间首页
2017-12-13 11:25:30,724 - INFO - 点击：+按钮
2017-12-13 11:25:31,850 - INFO - 选择：+机构空间
2017-12-13 11:25:39,365 - INFO - 输入企业全称：appium测试空间
2017-12-13 11:25:51,098 - INFO - 输入企业简称：appium测试空间
2017-12-13 11:25:55,041 - INFO - 点击标题
2017-12-13 11:25:55,525 - INFO - 点击机构类型
2017-12-13 11:26:03,011 - ERROR - 元素: com.yunlu6.yunlu:id/btn_pop_company 在5秒内未定位到
2017-12-13 11:26:04,928 - ERROR - 元素：com.yunlu6.yunlu:id/btn_pop_company 请求超时,定位失败
2017-12-13 11:26:04,929 - ERROR - 元素：com.yunlu6.yunlu:id/btn_pop_company 无法点击,点击失败
2017-12-13 11:26:04,931 - ERROR - CreateSpace Inside : Wed Dec 13 11:26:04 2017 点击元素：定位空间列表-主菜单-'+机构空间'-机构类型-企业-失败
2017-12-13 11:26:04,937 - INFO - ------------END:test1_1创建机构空间.CreateOrgSpace001_1.py------------
2017-12-13 11:26:04,937 - INFO - ~~~~~~~~~~~~~~~~~~~~~~~~~~~~~~~~~~~~~~~~用例结束！~~~~~~~~~~~~~~~~~~~~~~~~~~~~~~~~~~~~~~~~

2017-12-13 11:29:25,158 - INFO - ****************************************用例开始！****************************************
2017-12-13 11:29:25,159 - INFO - ------------START:test1_1创建机构空间.CreateOrgSpace001_1.py------------
2017-12-13 11:29:26,165 - INFO - ------START:test1_1创建机构空间.CreateSpace.py------
2017-12-13 11:29:26,928 - INFO - 点击进入空间首页
2017-12-13 11:29:28,275 - INFO - 点击：+按钮
2017-12-13 11:29:29,348 - INFO - 选择：+机构空间
2017-12-13 11:29:36,789 - INFO - 输入企业全称：appium测试空间
2017-12-13 11:29:53,039 - INFO - 输入企业简称：appium测试空间
2017-12-13 11:29:57,090 - INFO - 点击标题
2017-12-13 11:29:57,550 - INFO - 点击机构类型
2017-12-13 11:30:01,470 - INFO - 选择机构类型：企业
2017-12-13 11:30:03,191 - INFO - 点击客户类型
2017-12-13 11:30:04,752 - INFO - 点击客户类型标签
2017-12-13 11:30:05,809 - INFO - 点击确定按钮
2017-12-13 11:30:10,252 - INFO - 点击所在地区
2017-12-13 11:30:12,157 - ERROR - CreateSpace Inside : Message: An element could not be located on the page using the given search parameters.

2017-12-13 11:30:12,160 - INFO - ------------END:test1_1创建机构空间.CreateOrgSpace001_1.py------------
2017-12-13 11:30:12,160 - INFO - ~~~~~~~~~~~~~~~~~~~~~~~~~~~~~~~~~~~~~~~~用例结束！~~~~~~~~~~~~~~~~~~~~~~~~~~~~~~~~~~~~~~~~

2017-12-13 11:51:41,332 - INFO - ****************************************用例开始！****************************************
2017-12-13 11:51:41,332 - INFO - ------------START:test1_1创建机构空间.CreateOrgSpace001_1.py------------
2017-12-13 11:51:42,337 - INFO - ------START:test1_1创建机构空间.CreateSpace.py------
2017-12-13 11:51:42,832 - INFO - 点击进入空间首页
2017-12-13 11:51:50,426 - INFO - 点击：+按钮
2017-12-13 11:51:51,505 - INFO - 选择：+机构空间
2017-12-13 11:51:58,865 - INFO - 输入企业全称：appium测试空间
2017-12-13 11:52:13,331 - INFO - 输入企业简称：appium测试空间
2017-12-13 11:52:17,859 - INFO - 点击标题
2017-12-13 11:52:18,460 - INFO - 点击机构类型
2017-12-13 11:52:24,960 - ERROR - 元素: com.yunlu6.yunlu:id/btn_pop_company 在5秒内未定位到
2017-12-13 11:52:26,599 - ERROR - 元素：com.yunlu6.yunlu:id/btn_pop_company 请求超时,定位失败
2017-12-13 11:52:26,600 - ERROR - 元素：com.yunlu6.yunlu:id/btn_pop_company 无法点击,点击失败
2017-12-13 11:52:26,602 - ERROR - CreateSpace Inside : Wed Dec 13 11:52:26 2017 点击元素：定位空间列表-主菜单-'+机构空间'-机构类型-企业-失败
2017-12-13 11:52:26,607 - INFO - ------------END:test1_1创建机构空间.CreateOrgSpace001_1.py------------
2017-12-13 11:52:26,607 - INFO - ~~~~~~~~~~~~~~~~~~~~~~~~~~~~~~~~~~~~~~~~用例结束！~~~~~~~~~~~~~~~~~~~~~~~~~~~~~~~~~~~~~~~~

2017-12-13 11:55:27,746 - INFO - ****************************************用例开始！****************************************
2017-12-13 11:55:27,746 - INFO - ------------START:test1_1创建机构空间.CreateOrgSpace001_1.py------------
2017-12-13 11:55:28,753 - INFO - ------START:test1_1创建机构空间.CreateSpace.py------
2017-12-13 11:55:29,462 - INFO - 点击进入空间首页
2017-12-13 11:55:31,211 - INFO - 点击：+按钮
2017-12-13 11:55:32,794 - INFO - 选择：+机构空间
2017-12-13 11:55:39,872 - INFO - 输入企业全称：appium测试空间
2017-12-13 11:55:52,672 - INFO - 输入企业简称：appium测试空间
2017-12-13 11:55:57,003 - INFO - 点击标题
2017-12-13 11:55:57,475 - INFO - 点击机构类型
2017-12-13 11:56:04,465 - ERROR - 元素: com.yunlu6.yunlu:id/btn_pop_company 在5秒内未定位到
2017-12-13 11:56:05,548 - ERROR - 元素：com.yunlu6.yunlu:id/btn_pop_company 请求超时,定位失败
2017-12-13 11:56:05,548 - ERROR - 元素：com.yunlu6.yunlu:id/btn_pop_company 无法点击,点击失败
2017-12-13 11:56:05,551 - ERROR - CreateSpace Inside : Wed Dec 13 11:56:05 2017 点击元素：定位空间列表-主菜单-'+机构空间'-机构类型-企业-失败
2017-12-13 11:56:05,555 - INFO - ------------END:test1_1创建机构空间.CreateOrgSpace001_1.py------------
2017-12-13 11:56:05,555 - INFO - ~~~~~~~~~~~~~~~~~~~~~~~~~~~~~~~~~~~~~~~~用例结束！~~~~~~~~~~~~~~~~~~~~~~~~~~~~~~~~~~~~~~~~

2017-12-13 11:57:39,173 - INFO - ****************************************用例开始！****************************************
2017-12-13 11:57:39,173 - INFO - ------------START:test1_1创建机构空间.CreateOrgSpace001_1.py------------
2017-12-13 11:57:40,181 - INFO - ------START:test1_1创建机构空间.CreateSpace.py------
2017-12-13 11:57:40,864 - INFO - 点击进入空间首页
2017-12-13 11:57:42,309 - INFO - 点击：+按钮
2017-12-13 11:57:43,545 - INFO - 选择：+机构空间
2017-12-13 11:57:50,528 - INFO - 输入企业全称：appium测试空间
2017-12-13 11:58:03,671 - INFO - 输入企业简称：appium测试空间
2017-12-13 11:58:07,510 - INFO - 点击标题
2017-12-13 11:58:07,968 - INFO - 点击机构类型
2017-12-13 11:58:15,437 - ERROR - 元素: com.yunlu6.yunlu:id/btn_pop_company 在5秒内未定位到
2017-12-13 11:58:16,851 - ERROR - 元素：com.yunlu6.yunlu:id/btn_pop_company 请求超时,定位失败
2017-12-13 11:58:16,852 - ERROR - 元素：com.yunlu6.yunlu:id/btn_pop_company 无法点击,点击失败
2017-12-13 11:58:16,854 - ERROR - CreateSpace Inside : Wed Dec 13 11:58:16 2017 点击元素：定位空间列表-主菜单-'+机构空间'-机构类型-企业-失败
2017-12-13 11:58:16,859 - INFO - ------------END:test1_1创建机构空间.CreateOrgSpace001_1.py------------
2017-12-13 11:58:16,859 - INFO - ~~~~~~~~~~~~~~~~~~~~~~~~~~~~~~~~~~~~~~~~用例结束！~~~~~~~~~~~~~~~~~~~~~~~~~~~~~~~~~~~~~~~~

2017-12-13 12:16:23,949 - INFO - ****************************************用例开始！****************************************
2017-12-13 12:16:23,950 - INFO - ------------START:test1_1创建机构空间.CreateOrgSpace001_1.py------------
2017-12-13 12:16:24,958 - INFO - ------START:test1_1创建机构空间.CreateSpace.py------
2017-12-13 12:16:26,105 - INFO - 点击进入空间首页
2017-12-13 12:16:27,810 - INFO - 点击：+按钮
2017-12-13 12:16:28,977 - INFO - 选择：+机构空间
2017-12-13 12:16:36,515 - INFO - 输入企业全称：appium测试空间
2017-12-13 12:16:49,986 - INFO - 输入企业简称：appium测试空间
2017-12-13 12:16:54,288 - INFO - 点击标题
2017-12-13 12:16:55,140 - INFO - 点击机构类型
2017-12-13 12:16:59,040 - INFO - 选择机构类型：企业
2017-12-13 12:17:00,471 - INFO - 点击客户类型
2017-12-13 12:17:07,118 - ERROR - 元素: com.yunlu6.yunlu:id/tag_id 在5秒内未定位到
2017-12-13 12:17:07,987 - INFO - 点击客户类型标签
2017-12-13 12:17:09,599 - INFO - 点击确定按钮
2017-12-13 12:17:10,805 - INFO - 点击所在地区
2017-12-13 12:17:11,660 - INFO - 选择北京省
2017-12-13 12:17:14,755 - ERROR - CreateSpace Inside : Message: An element could not be located on the page using the given search parameters.

2017-12-13 12:17:14,759 - INFO - ------------END:test1_1创建机构空间.CreateOrgSpace001_1.py------------
2017-12-13 12:17:14,760 - INFO - ~~~~~~~~~~~~~~~~~~~~~~~~~~~~~~~~~~~~~~~~用例结束！~~~~~~~~~~~~~~~~~~~~~~~~~~~~~~~~~~~~~~~~

2017-12-13 12:18:29,852 - INFO - ****************************************用例开始！****************************************
2017-12-13 12:18:29,853 - INFO - ------------START:test1_1创建机构空间.CreateOrgSpace001_1.py------------
2017-12-13 12:18:30,858 - INFO - ------START:test1_1创建机构空间.CreateSpace.py------
2017-12-13 12:18:31,345 - INFO - 点击进入空间首页
2017-12-13 12:18:32,679 - INFO - 点击：+按钮
2017-12-13 12:18:33,884 - INFO - 选择：+机构空间
2017-12-13 12:18:43,733 - INFO - 输入企业全称：appium测试空间
2017-12-13 12:20:10,397 - INFO - ****************************************用例开始！****************************************
2017-12-13 12:20:10,401 - INFO - ------------START:test1_1创建机构空间.CreateOrgSpace001_1.py------------
2017-12-13 12:20:11,407 - INFO - ------START:test1_1创建机构空间.CreateSpace.py------
2017-12-13 12:20:12,273 - INFO - 点击进入空间首页
2017-12-13 12:20:13,909 - INFO - 点击：+按钮
2017-12-13 12:20:15,076 - INFO - 选择：+机构空间
2017-12-13 12:20:22,105 - INFO - 输入企业全称：appium测试空间
2017-12-13 12:20:36,179 - INFO - 输入企业简称：appium测试空间
2017-12-13 12:20:41,207 - INFO - 点击标题
2017-12-13 12:20:41,777 - INFO - 点击机构类型
2017-12-13 12:20:45,583 - INFO - 选择机构类型：企业
2017-12-13 12:20:47,440 - INFO - 点击客户类型
2017-12-13 12:20:54,634 - ERROR - 元素: com.yunlu6.yunlu:id/tag_id 在5秒内未定位到
2017-12-13 12:20:56,315 - ERROR - 元素：com.yunlu6.yunlu:id/tag_id 无法点击,点击失败
2017-12-13 12:20:56,316 - ERROR - CreateSpace Inside : Wed Dec 13 12:20:56 2017 点击元素：定位空间列表-主菜单-'+机构空间'-客户类型-客户类型标签-失败
2017-12-13 12:20:56,321 - INFO - ------------END:test1_1创建机构空间.CreateOrgSpace001_1.py------------
2017-12-13 12:20:56,322 - INFO - ~~~~~~~~~~~~~~~~~~~~~~~~~~~~~~~~~~~~~~~~用例结束！~~~~~~~~~~~~~~~~~~~~~~~~~~~~~~~~~~~~~~~~

2017-12-13 12:22:04,684 - INFO - ****************************************用例开始！****************************************
2017-12-13 12:22:04,685 - INFO - ------------START:test1_1创建机构空间.CreateOrgSpace001_1.py------------
2017-12-13 12:22:05,691 - INFO - ------START:test1_1创建机构空间.CreateSpace.py------
2017-12-13 12:22:06,467 - INFO - 点击进入空间首页
2017-12-13 12:22:07,827 - INFO - 点击：+按钮
2017-12-13 12:22:08,930 - INFO - 选择：+机构空间
2017-12-13 12:22:16,193 - INFO - 输入企业全称：appium测试空间
2017-12-13 12:22:31,822 - INFO - 输入企业简称：appium测试空间
2017-12-13 12:22:33,400 - INFO - 点击机构类型
2017-12-13 12:22:40,500 - ERROR - 元素: com.yunlu6.yunlu:id/btn_pop_company 在5秒内未定位到
2017-12-13 12:22:41,612 - ERROR - 元素：com.yunlu6.yunlu:id/btn_pop_company 请求超时,定位失败
2017-12-13 12:22:41,612 - ERROR - 元素：com.yunlu6.yunlu:id/btn_pop_company 无法点击,点击失败
2017-12-13 12:22:41,614 - ERROR - CreateSpace Inside : Wed Dec 13 12:22:41 2017 点击元素：定位空间列表-主菜单-'+机构空间'-机构类型-企业-失败
2017-12-13 12:22:41,618 - INFO - ------------END:test1_1创建机构空间.CreateOrgSpace001_1.py------------
2017-12-13 12:22:41,619 - INFO - ~~~~~~~~~~~~~~~~~~~~~~~~~~~~~~~~~~~~~~~~用例结束！~~~~~~~~~~~~~~~~~~~~~~~~~~~~~~~~~~~~~~~~

2017-12-13 12:24:18,684 - INFO - ****************************************用例开始！****************************************
2017-12-13 12:24:18,685 - INFO - ------------START:test1_1创建机构空间.CreateOrgSpace001_1.py------------
2017-12-13 12:24:19,693 - INFO - ------START:test1_1创建机构空间.CreateSpace.py------
2017-12-13 12:24:21,262 - INFO - 点击进入空间首页
2017-12-13 12:24:23,191 - INFO - 点击：+按钮
2017-12-13 12:24:24,769 - INFO - 选择：+机构空间
2017-12-13 12:24:31,659 - INFO - 输入企业全称：appium测试空间
2017-12-13 12:24:45,199 - INFO - 输入企业简称：appium测试空间
2017-12-13 12:24:50,021 - INFO - 点击标题
2017-12-13 12:24:50,821 - INFO - 点击机构类型
2017-12-13 12:24:54,606 - INFO - 选择机构类型：企业
2017-12-13 12:24:56,570 - INFO - 点击客户类型
2017-12-13 12:24:58,096 - INFO - 点击客户类型标签
2017-12-13 12:24:59,609 - INFO - 点击确定按钮
2017-12-13 12:25:00,831 - INFO - 点击所在地区
2017-12-13 12:25:02,264 - INFO - 选择北京省
2017-12-13 12:25:03,767 - INFO - 选择东城市
2017-12-13 12:25:09,853 - INFO - 确定提交
2017-12-13 12:25:09,854 - INFO - ------------END:test1_1创建机构空间.CreateOrgSpace001_1.py------------
2017-12-13 12:25:09,854 - INFO - ~~~~~~~~~~~~~~~~~~~~~~~~~~~~~~~~~~~~~~~~用例结束！~~~~~~~~~~~~~~~~~~~~~~~~~~~~~~~~~~~~~~~~

2017-12-13 12:26:41,274 - INFO - ****************************************用例开始！****************************************
2017-12-13 12:26:41,275 - INFO - ------------START:test1_1创建机构空间.CreateOrgSpace001_1.py------------
2017-12-13 12:26:42,280 - INFO - ------START:test1_1创建机构空间.CreateSpace.py------
2017-12-13 12:26:43,153 - INFO - 点击进入空间首页
2017-12-13 12:26:45,455 - INFO - 点击：+按钮
2017-12-13 12:26:47,063 - INFO - 选择：+机构空间
2017-12-13 12:26:54,468 - INFO - 输入企业全称：appium测试空间
2017-12-13 12:26:59,613 - INFO - 点击标题
2017-12-13 12:31:08,470 - INFO - ****************************************用例开始！****************************************
2017-12-13 12:31:08,470 - INFO - ------------START:test1_1创建机构空间.CreateOrgSpace001_1.py------------
2017-12-13 12:31:09,479 - INFO - ------START:test1_1创建机构空间.CreateSpace.py------
2017-12-13 12:31:10,603 - INFO - 点击进入空间首页
2017-12-13 12:31:12,512 - INFO - 点击：+按钮
2017-12-13 12:31:13,720 - INFO - 选择：+机构空间
2017-12-13 12:31:21,146 - INFO - 输入企业全称：appium测试空间
2017-12-13 12:31:35,880 - INFO - 输入企业简称：appium测试空间
2017-12-13 12:31:40,390 - INFO - 点击标题
2017-12-13 12:31:40,824 - INFO - 点击机构类型
2017-12-13 12:31:46,096 - ERROR - 元素: com.yunlu6.yunlu:id/btn_pop_company 在5秒内未定位到
2017-12-13 12:31:47,797 - ERROR - 元素：com.yunlu6.yunlu:id/btn_pop_company 请求超时,定位失败
2017-12-13 12:31:47,798 - ERROR - 元素：com.yunlu6.yunlu:id/btn_pop_company 无法点击,点击失败
2017-12-13 12:31:47,801 - ERROR - CreateSpace Inside : Wed Dec 13 12:31:47 2017 点击元素：定位空间列表-主菜单-'+机构空间'-机构类型-企业-失败
2017-12-13 12:31:47,806 - INFO - ------------END:test1_1创建机构空间.CreateOrgSpace001_1.py------------
2017-12-13 12:31:47,807 - INFO - ~~~~~~~~~~~~~~~~~~~~~~~~~~~~~~~~~~~~~~~~用例结束！~~~~~~~~~~~~~~~~~~~~~~~~~~~~~~~~~~~~~~~~

2017-12-13 12:33:02,839 - INFO - ****************************************用例开始！****************************************
2017-12-13 12:33:02,840 - INFO - ------------START:test1_1创建机构空间.CreateOrgSpace001_1.py------------
2017-12-13 12:33:03,847 - INFO - ------START:test1_1创建机构空间.CreateSpace.py------
2017-12-13 12:33:04,520 - INFO - 点击进入空间首页
2017-12-13 12:33:06,055 - INFO - 点击：+按钮
2017-12-13 12:33:07,243 - INFO - 选择：+机构空间
2017-12-13 12:33:15,018 - INFO - 输入企业全称：appium测试空间
2017-12-13 12:33:30,028 - INFO - 输入企业简称：appium测试空间
2017-12-13 12:33:34,263 - INFO - 点击标题
2017-12-13 12:33:35,854 - INFO - 点击机构类型
2017-12-13 12:35:22,542 - INFO - ****************************************用例开始！****************************************
2017-12-13 12:35:22,543 - INFO - ------------START:test1_1创建机构空间.CreateOrgSpace001_1.py------------
2017-12-13 12:35:23,550 - INFO - ------START:test1_1创建机构空间.CreateSpace.py------
2017-12-13 12:35:24,127 - INFO - 点击进入空间首页
2017-12-13 12:35:25,494 - INFO - 点击：+按钮
2017-12-13 12:35:27,344 - INFO - 选择：+机构空间
2017-12-13 12:35:34,071 - INFO - 输入企业全称：appium测试空间
2017-12-13 12:35:46,982 - INFO - 输入企业简称：appium测试空间
2017-12-13 12:35:51,596 - INFO - 点击标题
2017-12-13 12:35:53,238 - INFO - 点击机构类型
2017-12-13 12:35:58,518 - ERROR - 元素: com.yunlu6.yunlu:id/btn_pop_company 在5秒内未定位到
2017-12-13 12:35:59,606 - ERROR - 元素：com.yunlu6.yunlu:id/btn_pop_company 请求超时,定位失败
2017-12-13 12:35:59,607 - ERROR - 元素：com.yunlu6.yunlu:id/btn_pop_company 无法点击,点击失败
2017-12-13 12:35:59,607 - ERROR - CreateSpace Inside : Wed Dec 13 12:35:59 2017 点击元素：定位空间列表-主菜单-'+机构空间'-机构类型-企业-失败
2017-12-13 12:35:59,611 - INFO - ------------END:test1_1创建机构空间.CreateOrgSpace001_1.py------------
2017-12-13 12:35:59,611 - INFO - ~~~~~~~~~~~~~~~~~~~~~~~~~~~~~~~~~~~~~~~~用例结束！~~~~~~~~~~~~~~~~~~~~~~~~~~~~~~~~~~~~~~~~

2017-12-13 12:37:17,893 - INFO - ****************************************用例开始！****************************************
2017-12-13 12:37:17,894 - INFO - ------------START:test1_1创建机构空间.CreateOrgSpace001_1.py------------
2017-12-13 12:37:18,902 - INFO - ------START:test1_1创建机构空间.CreateSpace.py------
2017-12-13 12:37:19,930 - INFO - 点击进入空间首页
2017-12-13 12:37:21,345 - INFO - 点击：+按钮
2017-12-13 12:37:22,573 - INFO - 选择：+机构空间
2017-12-13 12:37:30,265 - INFO - 输入企业全称：appium测试空间
2017-12-13 12:37:44,994 - INFO - 输入企业简称：appium测试空间
2017-12-13 12:37:48,955 - INFO - 点击标题
2017-12-13 12:37:50,273 - INFO - 点击机构类型
2017-12-13 12:37:57,747 - ERROR - 元素: com.yunlu6.yunlu:id/btn_pop_company 在5秒内未定位到
2017-12-13 12:37:59,252 - ERROR - 元素：com.yunlu6.yunlu:id/btn_pop_company 请求超时,定位失败
2017-12-13 12:37:59,253 - ERROR - 元素：com.yunlu6.yunlu:id/btn_pop_company 无法点击,点击失败
2017-12-13 12:37:59,255 - ERROR - CreateSpace Inside : Wed Dec 13 12:37:59 2017 点击元素：定位空间列表-主菜单-'+机构空间'-机构类型-企业-失败
2017-12-13 12:37:59,259 - INFO - ------------END:test1_1创建机构空间.CreateOrgSpace001_1.py------------
2017-12-13 12:37:59,259 - INFO - ~~~~~~~~~~~~~~~~~~~~~~~~~~~~~~~~~~~~~~~~用例结束！~~~~~~~~~~~~~~~~~~~~~~~~~~~~~~~~~~~~~~~~

2017-12-13 12:39:27,222 - INFO - ****************************************用例开始！****************************************
2017-12-13 12:39:27,223 - INFO - ------------START:test1_1创建机构空间.CreateOrgSpace001_1.py------------
2017-12-13 12:39:28,231 - INFO - ------START:test1_1创建机构空间.CreateSpace.py------
2017-12-13 12:39:28,833 - INFO - 点击进入空间首页
2017-12-13 12:39:30,329 - INFO - 点击：+按钮
2017-12-13 12:39:32,084 - INFO - 选择：+机构空间
2017-12-13 12:39:39,179 - INFO - 输入企业全称：appium测试空间
2017-12-13 12:39:55,846 - INFO - 输入企业简称：appium测试空间
2017-12-13 12:39:59,661 - INFO - 点击标题
2017-12-13 12:40:01,045 - INFO - 点击机构类型
2017-12-13 12:40:06,097 - ERROR - 元素: com.yunlu6.yunlu:id/btn_pop_company 在5秒内未定位到
2017-12-13 12:40:07,509 - ERROR - 元素：com.yunlu6.yunlu:id/btn_pop_company 请求超时,定位失败
2017-12-13 12:40:07,510 - ERROR - 元素：com.yunlu6.yunlu:id/btn_pop_company 无法点击,点击失败
2017-12-13 12:40:07,512 - ERROR - CreateSpace Inside : Wed Dec 13 12:40:07 2017 点击元素：定位空间列表-主菜单-'+机构空间'-机构类型-企业-失败
2017-12-13 12:40:07,517 - INFO - ------------END:test1_1创建机构空间.CreateOrgSpace001_1.py------------
2017-12-13 12:40:07,517 - INFO - ~~~~~~~~~~~~~~~~~~~~~~~~~~~~~~~~~~~~~~~~用例结束！~~~~~~~~~~~~~~~~~~~~~~~~~~~~~~~~~~~~~~~~

2017-12-13 12:41:47,864 - INFO - ****************************************用例开始！****************************************
2017-12-13 12:41:47,865 - INFO - ------------START:test1_1创建机构空间.CreateOrgSpace001_1.py------------
2017-12-13 12:41:48,873 - INFO - ------START:test1_1创建机构空间.CreateSpace.py------
2017-12-13 12:41:49,436 - INFO - 点击进入空间首页
2017-12-13 12:41:51,424 - INFO - 点击：+按钮
2017-12-13 12:41:52,587 - INFO - 选择：+机构空间
2017-12-13 12:42:00,571 - INFO - 输入企业全称：appium测试空间
2017-12-13 12:42:13,153 - INFO - 输入企业简称：appium测试空间
2017-12-13 12:42:17,530 - INFO - 点击标题
2017-12-13 12:42:19,502 - INFO - 点击机构类型
2017-12-13 12:42:26,394 - ERROR - 元素: com.yunlu6.yunlu:id/btn_pop_company 在5秒内未定位到
2017-12-13 12:42:27,604 - ERROR - 元素：com.yunlu6.yunlu:id/btn_pop_company 请求超时,定位失败
2017-12-13 12:42:27,605 - ERROR - 元素：com.yunlu6.yunlu:id/btn_pop_company 无法点击,点击失败
2017-12-13 12:42:27,607 - ERROR - CreateSpace Inside : Wed Dec 13 12:42:27 2017 点击元素：定位空间列表-主菜单-'+机构空间'-机构类型-企业-失败
2017-12-13 12:42:27,611 - INFO - ------------END:test1_1创建机构空间.CreateOrgSpace001_1.py------------
2017-12-13 12:42:27,611 - INFO - ~~~~~~~~~~~~~~~~~~~~~~~~~~~~~~~~~~~~~~~~用例结束！~~~~~~~~~~~~~~~~~~~~~~~~~~~~~~~~~~~~~~~~

2017-12-13 12:43:47,218 - INFO - ****************************************用例开始！****************************************
2017-12-13 12:43:47,218 - INFO - ------------START:test1_1创建机构空间.CreateOrgSpace001_1.py------------
2017-12-13 12:43:48,224 - INFO - ------START:test1_1创建机构空间.CreateSpace.py------
2017-12-13 12:43:48,855 - INFO - 点击进入空间首页
2017-12-13 12:43:50,252 - INFO - 点击：+按钮
2017-12-13 12:43:51,352 - INFO - 选择：+机构空间
2017-12-13 12:43:59,445 - INFO - 输入企业全称：appium测试空间
2017-12-13 12:43:59,446 - INFO - ------------END:test1_1创建机构空间.CreateOrgSpace001_1.py------------
2017-12-13 12:43:59,448 - INFO - ~~~~~~~~~~~~~~~~~~~~~~~~~~~~~~~~~~~~~~~~用例结束！~~~~~~~~~~~~~~~~~~~~~~~~~~~~~~~~~~~~~~~~

2017-12-13 12:45:11,885 - INFO - ****************************************用例开始！****************************************
2017-12-13 12:45:11,886 - INFO - ------------START:test1_1创建机构空间.CreateOrgSpace001_1.py------------
2017-12-13 12:45:12,893 - INFO - ------START:test1_1创建机构空间.CreateSpace.py------
2017-12-13 12:45:13,822 - INFO - 点击进入空间首页
2017-12-13 12:45:15,607 - INFO - 点击：+按钮
2017-12-13 12:45:16,840 - INFO - 选择：+机构空间
2017-12-13 12:45:23,624 - INFO - 输入企业全称：appium测试空间
2017-12-13 12:45:23,624 - INFO - ------------END:test1_1创建机构空间.CreateOrgSpace001_1.py------------
2017-12-13 12:45:23,626 - INFO - ~~~~~~~~~~~~~~~~~~~~~~~~~~~~~~~~~~~~~~~~用例结束！~~~~~~~~~~~~~~~~~~~~~~~~~~~~~~~~~~~~~~~~

2017-12-13 12:46:43,595 - INFO - ****************************************用例开始！****************************************
2017-12-13 12:46:43,596 - INFO - ------------START:test1_1创建机构空间.CreateOrgSpace001_1.py------------
2017-12-13 12:46:44,603 - INFO - ------START:test1_1创建机构空间.CreateSpace.py------
2017-12-13 12:46:45,433 - INFO - 点击进入空间首页
2017-12-13 12:46:46,848 - INFO - 点击：+按钮
2017-12-13 12:46:48,058 - INFO - 选择：+机构空间
2017-12-13 12:46:55,699 - INFO - 输入企业全称：appium测试空间
2017-12-13 12:47:12,094 - INFO - 输入企业简称：appium测试空间
2017-12-13 12:47:12,095 - INFO - ------------END:test1_1创建机构空间.CreateOrgSpace001_1.py------------
2017-12-13 12:47:12,095 - INFO - ~~~~~~~~~~~~~~~~~~~~~~~~~~~~~~~~~~~~~~~~用例结束！~~~~~~~~~~~~~~~~~~~~~~~~~~~~~~~~~~~~~~~~

2017-12-13 12:49:37,555 - INFO - ****************************************用例开始！****************************************
2017-12-13 12:49:37,556 - INFO - ------------START:test1_1创建机构空间.CreateOrgSpace001_1.py------------
2017-12-13 12:49:38,565 - INFO - ------START:test1_1创建机构空间.CreateSpace.py------
2017-12-13 12:49:38,913 - INFO - 点击进入空间首页
2017-12-13 12:49:40,631 - INFO - 点击：+按钮
2017-12-13 12:49:41,780 - INFO - 选择：+机构空间
2017-12-13 12:49:49,211 - INFO - 输入企业全称：appium测试空间
2017-12-13 12:50:06,257 - INFO - 输入企业简称：appium测试空间
2017-12-13 12:50:06,258 - INFO - ------------END:test1_1创建机构空间.CreateOrgSpace001_1.py------------
2017-12-13 12:50:06,260 - INFO - ~~~~~~~~~~~~~~~~~~~~~~~~~~~~~~~~~~~~~~~~用例结束！~~~~~~~~~~~~~~~~~~~~~~~~~~~~~~~~~~~~~~~~

2017-12-13 12:51:15,259 - INFO - ****************************************用例开始！****************************************
2017-12-13 12:51:15,260 - INFO - ------------START:test1_1创建机构空间.CreateOrgSpace001_1.py------------
2017-12-13 12:51:16,266 - INFO - ------START:test1_1创建机构空间.CreateSpace.py------
2017-12-13 12:51:17,814 - INFO - 点击进入空间首页
2017-12-13 12:51:19,459 - INFO - 点击：+按钮
2017-12-13 12:51:20,655 - INFO - 选择：+机构空间
2017-12-13 12:51:27,328 - INFO - 输入企业全称：appium测试空间
2017-12-13 12:51:33,731 - INFO - 输入企业简称：appium测试空间
2017-12-13 12:51:33,732 - INFO - ------------END:test1_1创建机构空间.CreateOrgSpace001_1.py------------
2017-12-13 12:51:33,734 - INFO - ~~~~~~~~~~~~~~~~~~~~~~~~~~~~~~~~~~~~~~~~用例结束！~~~~~~~~~~~~~~~~~~~~~~~~~~~~~~~~~~~~~~~~

2017-12-13 12:52:55,738 - INFO - ****************************************用例开始！****************************************
2017-12-13 12:52:55,739 - INFO - ------------START:test1_1创建机构空间.CreateOrgSpace001_1.py------------
2017-12-13 12:52:56,746 - INFO - ------START:test1_1创建机构空间.CreateSpace.py------
2017-12-13 12:52:57,425 - INFO - 点击进入空间首页
2017-12-13 12:52:59,017 - INFO - 点击：+按钮
2017-12-13 12:53:00,184 - INFO - 选择：+机构空间
2017-12-13 12:53:07,255 - INFO - 输入企业全称：appium测试空间
2017-12-13 12:53:22,329 - INFO - 输入企业简称：appium测试空间
2017-12-13 12:53:22,331 - INFO - ------------END:test1_1创建机构空间.CreateOrgSpace001_1.py------------
2017-12-13 12:53:22,332 - INFO - ~~~~~~~~~~~~~~~~~~~~~~~~~~~~~~~~~~~~~~~~用例结束！~~~~~~~~~~~~~~~~~~~~~~~~~~~~~~~~~~~~~~~~

2017-12-13 12:59:53,455 - INFO - ****************************************用例开始！****************************************
2017-12-13 12:59:53,456 - INFO - ------------START:test1_1创建机构空间.CreateOrgSpace001_1.py------------
2017-12-13 12:59:54,462 - INFO - ------START:test1_1创建机构空间.CreateSpace.py------
2017-12-13 12:59:54,943 - INFO - 点击进入空间首页
2017-12-13 12:59:56,476 - INFO - 点击：+按钮
2017-12-13 12:59:57,948 - INFO - 选择：+机构空间
2017-12-13 13:00:06,159 - INFO - 输入企业全称：appium测试空间
2017-12-13 13:00:22,617 - INFO - 输入企业简称：appium测试空间
2017-12-13 13:00:22,618 - INFO - ------------END:test1_1创建机构空间.CreateOrgSpace001_1.py------------
2017-12-13 13:00:22,619 - INFO - ~~~~~~~~~~~~~~~~~~~~~~~~~~~~~~~~~~~~~~~~用例结束！~~~~~~~~~~~~~~~~~~~~~~~~~~~~~~~~~~~~~~~~

2017-12-13 13:01:43,106 - INFO - ****************************************用例开始！****************************************
2017-12-13 13:01:43,111 - INFO - ------------START:test1_1创建机构空间.CreateOrgSpace001_1.py------------
2017-12-13 13:01:44,115 - INFO - ------START:test1_1创建机构空间.CreateSpace.py------
2017-12-13 13:01:44,644 - INFO - 点击进入空间首页
2017-12-13 13:01:46,187 - INFO - 点击：+按钮
2017-12-13 13:01:47,357 - INFO - 选择：+机构空间
2017-12-13 13:01:55,197 - INFO - 输入企业全称：appium测试空间
2017-12-13 13:01:59,228 - INFO - 点击标题
2017-12-13 13:02:12,120 - INFO - 输入企业简称：appium测试空间
2017-12-13 13:02:16,803 - INFO - 点击标题
2017-12-13 13:02:16,804 - INFO - ------------END:test1_1创建机构空间.CreateOrgSpace001_1.py------------
2017-12-13 13:02:16,805 - INFO - ~~~~~~~~~~~~~~~~~~~~~~~~~~~~~~~~~~~~~~~~用例结束！~~~~~~~~~~~~~~~~~~~~~~~~~~~~~~~~~~~~~~~~

2017-12-13 13:35:27,035 - INFO - ****************************************用例开始！****************************************
2017-12-13 13:35:27,036 - INFO - ------------START:test1_1创建机构空间.CreateOrgSpace001_1.py------------
2017-12-13 13:35:28,041 - INFO - ------START:test1_1创建机构空间.CreateSpace.py------
2017-12-13 13:35:28,543 - INFO - 点击进入空间首页
2017-12-13 13:35:31,291 - INFO - 点击：+按钮
2017-12-13 13:35:32,472 - INFO - 选择：+机构空间
2017-12-13 13:35:40,435 - INFO - 输入企业全称：appium测试空间
2017-12-13 13:35:44,821 - INFO - 点击标题
2017-12-13 13:35:51,490 - INFO - 输入企业简称：appium测试空间
2017-12-13 13:35:56,094 - INFO - 点击标题
2017-12-13 13:35:56,095 - INFO - ------------END:test1_1创建机构空间.CreateOrgSpace001_1.py------------
2017-12-13 13:35:56,097 - INFO - ~~~~~~~~~~~~~~~~~~~~~~~~~~~~~~~~~~~~~~~~用例结束！~~~~~~~~~~~~~~~~~~~~~~~~~~~~~~~~~~~~~~~~

2017-12-13 13:38:04,102 - INFO - ****************************************用例开始！****************************************
2017-12-13 13:38:04,103 - INFO - ------------START:test1_1创建机构空间.CreateOrgSpace001_1.py------------
2017-12-13 13:38:05,108 - INFO - ------START:test1_1创建机构空间.CreateSpace.py------
2017-12-13 13:38:05,649 - INFO - 点击进入空间首页
2017-12-13 13:38:07,266 - INFO - 点击：+按钮
2017-12-13 13:38:08,363 - INFO - 选择：+机构空间
2017-12-13 13:38:15,782 - INFO - 输入企业全称：appiumSpace
2017-12-13 13:38:20,021 - INFO - 点击标题
2017-12-13 13:38:32,135 - INFO - 输入企业简称：appiumSpace
2017-12-13 13:38:36,059 - INFO - 点击标题
2017-12-13 13:38:36,060 - INFO - ------------END:test1_1创建机构空间.CreateOrgSpace001_1.py------------
2017-12-13 13:38:36,062 - INFO - ~~~~~~~~~~~~~~~~~~~~~~~~~~~~~~~~~~~~~~~~用例结束！~~~~~~~~~~~~~~~~~~~~~~~~~~~~~~~~~~~~~~~~

2017-12-13 13:40:30,489 - INFO - ****************************************用例开始！****************************************
2017-12-13 13:40:30,489 - INFO - ------------START:test1_1创建机构空间.CreateOrgSpace001_1.py------------
2017-12-13 13:40:31,495 - INFO - ------START:test1_1创建机构空间.CreateSpace.py------
2017-12-13 13:40:32,053 - INFO - 点击进入空间首页
2017-12-13 13:40:34,191 - INFO - 点击：+按钮
2017-12-13 13:40:35,476 - INFO - 选择：+机构空间
2017-12-13 13:40:42,869 - INFO - 输入企业全称：appium测试空间
2017-12-13 13:40:47,897 - INFO - 点击标题
2017-12-13 13:41:00,522 - INFO - 输入企业简称：appiumSpace
2017-12-13 13:41:04,772 - INFO - 点击标题
2017-12-13 13:41:04,776 - INFO - ------------END:test1_1创建机构空间.CreateOrgSpace001_1.py------------
2017-12-13 13:41:04,777 - INFO - ~~~~~~~~~~~~~~~~~~~~~~~~~~~~~~~~~~~~~~~~用例结束！~~~~~~~~~~~~~~~~~~~~~~~~~~~~~~~~~~~~~~~~

2017-12-13 13:42:35,958 - INFO - ****************************************用例开始！****************************************
2017-12-13 13:42:35,965 - INFO - ------------START:test1_1创建机构空间.CreateOrgSpace001_1.py------------
2017-12-13 13:42:36,970 - INFO - ------START:test1_1创建机构空间.CreateSpace.py------
2017-12-13 13:42:38,113 - INFO - 点击进入空间首页
2017-12-13 13:42:40,353 - INFO - 点击：+按钮
2017-12-13 13:42:42,090 - INFO - 选择：+机构空间
2017-12-13 13:42:49,049 - INFO - 输入企业全称：appium测试空间
2017-12-13 13:43:06,000 - INFO - 输入企业简称：appium测试空间
2017-12-13 13:43:09,918 - INFO - 点击标题
2017-12-13 13:43:09,919 - INFO - ------------END:test1_1创建机构空间.CreateOrgSpace001_1.py------------
2017-12-13 13:43:09,920 - INFO - ~~~~~~~~~~~~~~~~~~~~~~~~~~~~~~~~~~~~~~~~用例结束！~~~~~~~~~~~~~~~~~~~~~~~~~~~~~~~~~~~~~~~~

2017-12-13 13:44:35,010 - INFO - ****************************************用例开始！****************************************
2017-12-13 13:44:35,015 - INFO - ------------START:test1_1创建机构空间.CreateOrgSpace001_1.py------------
2017-12-13 13:44:36,017 - INFO - ------START:test1_1创建机构空间.CreateSpace.py------
2017-12-13 13:44:37,561 - INFO - 点击进入空间首页
2017-12-13 13:44:38,723 - INFO - 点击：+按钮
2017-12-13 13:44:40,736 - INFO - 选择：+机构空间
2017-12-13 13:44:48,948 - INFO - 输入企业全称：appium测试空间
2017-12-13 13:44:53,279 - INFO - 点击标题
2017-12-13 13:45:04,470 - INFO - 输入企业简称：appium测试空间
2017-12-13 13:45:08,850 - INFO - 点击标题
2017-12-13 13:45:08,851 - INFO - ------------END:test1_1创建机构空间.CreateOrgSpace001_1.py------------
2017-12-13 13:45:08,853 - INFO - ~~~~~~~~~~~~~~~~~~~~~~~~~~~~~~~~~~~~~~~~用例结束！~~~~~~~~~~~~~~~~~~~~~~~~~~~~~~~~~~~~~~~~

2017-12-13 13:48:17,677 - INFO - ****************************************用例开始！****************************************
2017-12-13 13:48:17,677 - INFO - ------------START:test1_1创建机构空间.CreateOrgSpace001_1.py------------
2017-12-13 13:48:18,684 - INFO - ------START:test1_1创建机构空间.CreateSpace.py------
2017-12-13 13:48:19,467 - INFO - 点击进入空间首页
2017-12-13 13:48:21,565 - INFO - 点击：+按钮
2017-12-13 13:48:22,949 - INFO - 选择：+机构空间
2017-12-13 13:48:45,359 - INFO - ------------END:test1_1创建机构空间.CreateOrgSpace001_1.py------------
2017-12-13 13:48:45,360 - INFO - ~~~~~~~~~~~~~~~~~~~~~~~~~~~~~~~~~~~~~~~~用例结束！~~~~~~~~~~~~~~~~~~~~~~~~~~~~~~~~~~~~~~~~

2017-12-13 13:49:56,139 - INFO - ****************************************用例开始！****************************************
2017-12-13 13:49:56,140 - INFO - ------------START:test1_1创建机构空间.CreateOrgSpace001_1.py------------
2017-12-13 13:49:57,147 - INFO - ------START:test1_1创建机构空间.CreateSpace.py------
2017-12-13 13:49:57,406 - INFO - 点击进入空间首页
2017-12-13 13:50:00,104 - INFO - 点击：+按钮
2017-12-13 13:50:01,336 - INFO - 选择：+机构空间
2017-12-13 13:50:08,772 - INFO - ------------END:test1_1创建机构空间.CreateOrgSpace001_1.py------------
2017-12-13 13:50:08,772 - INFO - ~~~~~~~~~~~~~~~~~~~~~~~~~~~~~~~~~~~~~~~~用例结束！~~~~~~~~~~~~~~~~~~~~~~~~~~~~~~~~~~~~~~~~

2017-12-13 13:51:44,659 - INFO - ****************************************用例开始！****************************************
2017-12-13 13:51:44,659 - INFO - ------------START:test1_1创建机构空间.CreateOrgSpace001_1.py------------
2017-12-13 13:51:45,665 - INFO - ------START:test1_1创建机构空间.CreateSpace.py------
2017-12-13 13:51:46,219 - INFO - 点击进入空间首页
2017-12-13 13:51:47,600 - INFO - 点击：+按钮
2017-12-13 13:51:48,783 - INFO - 选择：+机构空间
2017-12-13 13:52:00,700 - INFO - ------------END:test1_1创建机构空间.CreateOrgSpace001_1.py------------
2017-12-13 13:52:00,700 - INFO - ~~~~~~~~~~~~~~~~~~~~~~~~~~~~~~~~~~~~~~~~用例结束！~~~~~~~~~~~~~~~~~~~~~~~~~~~~~~~~~~~~~~~~

2017-12-13 13:53:27,749 - INFO - ****************************************用例开始！****************************************
2017-12-13 13:53:27,750 - INFO - ------------START:test1_1创建机构空间.CreateOrgSpace001_1.py------------
2017-12-13 13:53:28,758 - INFO - ------START:test1_1创建机构空间.CreateSpace.py------
2017-12-13 13:53:29,424 - INFO - 点击进入空间首页
2017-12-13 13:53:31,029 - INFO - 点击：+按钮
2017-12-13 13:53:32,170 - INFO - 选择：+机构空间
2017-12-13 13:53:45,537 - INFO - ------------END:test1_1创建机构空间.CreateOrgSpace001_1.py------------
2017-12-13 13:53:45,538 - INFO - ~~~~~~~~~~~~~~~~~~~~~~~~~~~~~~~~~~~~~~~~用例结束！~~~~~~~~~~~~~~~~~~~~~~~~~~~~~~~~~~~~~~~~

2017-12-13 13:56:22,610 - INFO - ****************************************用例开始！****************************************
2017-12-13 13:56:22,611 - INFO - ------------START:test1_1创建机构空间.CreateOrgSpace001_1.py------------
2017-12-13 13:56:23,616 - INFO - ------START:test1_1创建机构空间.CreateSpace.py------
2017-12-13 13:56:24,190 - INFO - 点击进入空间首页
2017-12-13 13:56:25,689 - INFO - 点击：+按钮
2017-12-13 13:56:26,871 - INFO - 选择：+机构空间
2017-12-13 13:56:39,486 - INFO - ------------END:test1_1创建机构空间.CreateOrgSpace001_1.py------------
2017-12-13 13:56:39,487 - INFO - ~~~~~~~~~~~~~~~~~~~~~~~~~~~~~~~~~~~~~~~~用例结束！~~~~~~~~~~~~~~~~~~~~~~~~~~~~~~~~~~~~~~~~

2017-12-13 14:00:36,227 - INFO - ****************************************用例开始！****************************************
2017-12-13 14:00:36,228 - INFO - ------------START:test1_1创建机构空间.CreateOrgSpace001_1.py------------
2017-12-13 14:00:37,237 - INFO - ------START:test1_1创建机构空间.CreateSpace.py------
2017-12-13 14:00:37,756 - INFO - 点击进入空间首页
2017-12-13 14:00:39,843 - INFO - 点击：+按钮
2017-12-13 14:00:40,999 - INFO - 选择：+机构空间
2017-12-13 14:00:47,952 - INFO - 输入企业全称：aa
2017-12-13 14:00:52,205 - INFO - 点击企业全称输入框
2017-12-13 14:01:06,728 - INFO - 输入企业简称：aa
2017-12-13 14:01:07,552 - INFO - 点击企业简称输入框
2017-12-13 14:01:07,553 - INFO - ------------END:test1_1创建机构空间.CreateOrgSpace001_1.py------------
2017-12-13 14:01:07,554 - INFO - ~~~~~~~~~~~~~~~~~~~~~~~~~~~~~~~~~~~~~~~~用例结束！~~~~~~~~~~~~~~~~~~~~~~~~~~~~~~~~~~~~~~~~

2017-12-13 14:02:43,788 - INFO - ****************************************用例开始！****************************************
2017-12-13 14:02:43,788 - INFO - ------------START:test1_1创建机构空间.CreateOrgSpace001_1.py------------
2017-12-13 14:02:44,796 - INFO - ------START:test1_1创建机构空间.CreateSpace.py------
2017-12-13 14:02:45,757 - INFO - 点击进入空间首页
2017-12-13 14:02:48,047 - INFO - 点击：+按钮
2017-12-13 14:02:49,380 - INFO - 选择：+机构空间
2017-12-13 14:02:56,549 - INFO - 输入企业全称：appium测试空间
2017-12-13 14:03:00,734 - INFO - 点击企业全称输入框
2017-12-13 14:03:12,602 - INFO - 输入企业简称：appium测试空间
2017-12-13 14:03:13,879 - INFO - 点击企业简称输入框
2017-12-13 14:03:13,880 - INFO - ------------END:test1_1创建机构空间.CreateOrgSpace001_1.py------------
2017-12-13 14:03:13,881 - INFO - ~~~~~~~~~~~~~~~~~~~~~~~~~~~~~~~~~~~~~~~~用例结束！~~~~~~~~~~~~~~~~~~~~~~~~~~~~~~~~~~~~~~~~

2017-12-13 14:04:37,998 - INFO - ****************************************用例开始！****************************************
2017-12-13 14:04:37,998 - INFO - ------------START:test1_1创建机构空间.CreateOrgSpace001_1.py------------
2017-12-13 14:04:39,003 - INFO - ------START:test1_1创建机构空间.CreateSpace.py------
2017-12-13 14:04:39,641 - INFO - 点击进入空间首页
2017-12-13 14:04:41,488 - INFO - 点击：+按钮
2017-12-13 14:04:42,688 - INFO - 选择：+机构空间
2017-12-13 14:04:49,881 - INFO - 输入企业全称：appium测试空间
2017-12-13 14:04:53,987 - INFO - 点击企业全称输入框
2017-12-13 14:05:00,189 - INFO - 输入企业简称：appium测试空间
2017-12-13 14:05:03,588 - INFO - 点击企业简称输入框
2017-12-13 14:05:03,589 - INFO - ------------END:test1_1创建机构空间.CreateOrgSpace001_1.py------------
2017-12-13 14:05:03,591 - INFO - ~~~~~~~~~~~~~~~~~~~~~~~~~~~~~~~~~~~~~~~~用例结束！~~~~~~~~~~~~~~~~~~~~~~~~~~~~~~~~~~~~~~~~

2017-12-13 14:06:34,995 - INFO - ****************************************用例开始！****************************************
2017-12-13 14:06:34,995 - INFO - ------------START:test1_1创建机构空间.CreateOrgSpace001_1.py------------
2017-12-13 14:06:35,999 - INFO - ------START:test1_1创建机构空间.CreateSpace.py------
2017-12-13 14:06:37,222 - INFO - 点击进入空间首页
2017-12-13 14:06:39,174 - INFO - 点击：+按钮
2017-12-13 14:06:40,288 - INFO - 选择：+机构空间
2017-12-13 14:06:47,248 - INFO - 输入企业全称：appium测试空间
2017-12-13 14:06:51,307 - INFO - 点击企业全称输入框
2017-12-13 14:06:58,024 - INFO - 输入企业简称：appium测试空间
2017-12-13 14:07:01,571 - INFO - 点击企业简称输入框
2017-12-13 14:07:02,887 - INFO - 点击机构类型
2017-12-13 14:07:06,728 - INFO - 选择机构类型：企业
2017-12-13 14:07:08,506 - INFO - 点击客户类型
2017-12-13 14:07:09,651 - INFO - 点击客户类型标签
2017-12-13 14:07:10,623 - INFO - 点击确定按钮
2017-12-13 14:07:11,651 - INFO - 点击所在地区
2017-12-13 14:07:13,367 - INFO - 选择北京省
2017-12-13 14:07:15,075 - INFO - 选择东城市
2017-12-13 14:07:15,076 - INFO - ------------END:test1_1创建机构空间.CreateOrgSpace001_1.py------------
2017-12-13 14:07:15,078 - INFO - ~~~~~~~~~~~~~~~~~~~~~~~~~~~~~~~~~~~~~~~~用例结束！~~~~~~~~~~~~~~~~~~~~~~~~~~~~~~~~~~~~~~~~

2017-12-13 14:23:28,120 - INFO - ****************************************用例开始！****************************************
2017-12-13 14:23:28,121 - INFO - ------------START:test1_1创建机构空间.CreateOrgSpace001_1.py------------
2017-12-13 14:23:29,126 - INFO - ------START:test1_1创建机构空间.CreateSpace.py------
2017-12-13 14:23:30,535 - INFO - 点击进入空间首页
2017-12-13 14:23:32,532 - INFO - 点击：+按钮
2017-12-13 14:23:33,651 - INFO - 选择：+机构空间
2017-12-13 14:23:41,798 - INFO - 输入企业全称：appium测试空间
2017-12-13 14:23:45,885 - INFO - 点击企业全称输入框
2017-12-13 14:23:52,137 - INFO - 输入企业简称：appium测试空间
2017-12-13 14:23:56,188 - INFO - 点击企业简称输入框
2017-12-13 14:23:57,242 - INFO - 点击机构类型
2017-12-13 14:24:01,037 - INFO - 选择机构类型：企业
2017-12-13 14:24:02,738 - INFO - 点击客户类型
2017-12-13 14:24:04,185 - INFO - 点击客户类型标签
2017-12-13 14:24:05,442 - INFO - 点击确定按钮
2017-12-13 14:24:06,433 - INFO - 点击所在地区
2017-12-13 14:24:07,233 - INFO - 选择北京省
2017-12-13 14:24:08,430 - INFO - 选择东城市
2017-12-13 14:24:10,688 - INFO - 确定提交
2017-12-13 14:24:12,387 - INFO - 点击去验证对公账号
2017-12-13 14:24:13,207 - INFO - 点击开户银行
2017-12-13 14:24:14,534 - INFO - 点击开户银行列表1中第1家银行
2017-12-13 14:24:16,242 - INFO - 点击开户银行列表2中第1家银行
2017-12-13 14:24:17,437 - INFO - 点击所在地区
2017-12-13 14:24:18,457 - INFO - 选择北京省
2017-12-13 14:24:19,730 - INFO - 选择东城市
2017-12-13 14:24:26,300 - INFO - 填写银行账户：123456
2017-12-13 14:24:29,686 - INFO - 确定提交
2017-12-13 14:24:31,250 - INFO - 点击返回
2017-12-13 14:24:32,256 - INFO - ------START:test1_1创建机构空间.CloseSpace.py-----
2017-12-13 14:24:38,858 - INFO - 搜索栏输入空间名:appium测试空间
2017-12-13 14:24:39,834 - INFO - 点击搜索按钮
2017-12-13 14:24:39,834 - INFO - 搜索栏搜索结果:appium测试空间
2017-12-13 14:24:40,956 - INFO - 点击进入空间:appium测试空间
2017-12-13 14:24:43,000 - INFO - 点击空间菜单栏
2017-12-13 14:24:44,236 - INFO - 点击关闭按钮
2017-12-13 14:24:46,350 - INFO - 点击确认关闭
2017-12-13 14:24:46,350 - INFO - ------END:test1_1创建机构空间.CloseSpace.pyy-----
2017-12-13 14:24:46,353 - INFO - ------------END:test1_1创建机构空间.CreateOrgSpace001_1.py------------
2017-12-13 14:24:46,353 - INFO - ~~~~~~~~~~~~~~~~~~~~~~~~~~~~~~~~~~~~~~~~用例结束！~~~~~~~~~~~~~~~~~~~~~~~~~~~~~~~~~~~~~~~~

2017-12-13 15:15:33,495 - INFO - ****************************************用例开始！****************************************
2017-12-13 15:15:33,495 - INFO - ------------START:test2_1上下架产品.CreateProduct002_1.py------------
2017-12-13 15:15:40,118 - INFO - 点击进入空间列表
2017-12-13 15:15:47,371 - INFO - 搜索栏输入空间名:测试空间123
2017-12-13 15:15:48,570 - INFO - 点击搜索按钮
2017-12-13 15:15:48,570 - INFO - 搜索栏搜索结果:测试空间123
2017-12-13 15:15:49,676 - INFO - 点击进入测试空间123
2017-12-13 15:15:49,677 - INFO - ------------END:test2_1上下架产品.CreateProduct002_1.py------------
2017-12-13 15:15:49,678 - INFO - ~~~~~~~~~~~~~~~~~~~~~~~~~~~~~~~~~~~~~~~~用例结束！~~~~~~~~~~~~~~~~~~~~~~~~~~~~~~~~~~~~~~~~

