2018-04-14 08:54:35,163 - INFO - ****************************************SpaceAPI_Private：开始****************************************
2018-04-14 08:54:35,513 - INFO - ------------------------------------用例开始------------------------------------
2018-04-14 08:54:35,669 - INFO - 1. 接口编号 : 1.0
2018-04-14 08:54:35,670 - INFO - 2. 接口名称 : Space - 私人空间类型列表
2018-04-14 08:54:35,672 - INFO - 3. 接口描述 : 获取私人空间下面的可选类型列表
2018-04-14 08:54:35,672 - INFO - 4. 接口路由 : /api/v1/space_classes
2018-04-14 08:54:35,672 - INFO - 5. 接口方式 : GET
2018-04-14 08:54:35,672 - INFO - 6. 接口头部 : 
2018-04-14 08:54:35,672 - INFO - 7. 接口数据 : {'token': '8f7053c40c9c67c92585b125a091cfa1'}
2018-04-14 08:54:35,673 - INFO - 8. 接口检查 : 
2018-04-14 08:54:35,673 - INFO - 9. 预期状态 ：[
    {
        "aliaz": "food",
        "id": 67,
        "name": "食物"
    },
    {
        "aliaz": "house",
        "id": 68,
        "name": "居住"
    },
    {
        "aliaz": "traffic",
        "id": 69,
        "name": "出行"
    },
    {
        "aliaz": "education",
        "id": 70,
        "name": "学习"
    },
    {
        "aliaz": "health",
        "id": 71,
        "name": "健康"
    },
    {
        "aliaz": "intercourse",
        "id": 72,
        "name": "社交"
    },
    {
        "aliaz": "vocation",
        "id": 73,
        "name": "工作"
    },
    {
        "aliaz": "art",
        "id": 74,
        "name": "文艺"
    },
    {
        "aliaz": "amusement",
        "id": 75,
        "name": "娱乐"
    },
    {
        "aliaz": "beauty",
        "id": 76,
        "name": "美护"
    },
    {
        "aliaz": "other",
        "id": 77,
        "name": "其他"
    },
    {
        "aliaz": "clothing",
        "id": 66,
        "name": "穿衣"
    }
]
2018-04-14 08:54:35,673 - INFO - 10.接口预期 : 200
2018-04-14 08:54:35,673 - INFO - 11.接口返回 : [
    {
        "aliaz": "food",
        "id": 67,
        "name": "食物"
    },
    {
        "aliaz": "house",
        "id": 68,
        "name": "居住"
    },
    {
        "aliaz": "traffic",
        "id": 69,
        "name": "出行"
    },
    {
        "aliaz": "education",
        "id": 70,
        "name": "学习"
    },
    {
        "aliaz": "health",
        "id": 71,
        "name": "健康"
    },
    {
        "aliaz": "intercourse",
        "id": 72,
        "name": "社交"
    },
    {
        "aliaz": "vocation",
        "id": 73,
        "name": "工作"
    },
    {
        "aliaz": "art",
        "id": 74,
        "name": "文艺"
    },
    {
        "aliaz": "amusement",
        "id": 75,
        "name": "娱乐"
    },
    {
        "aliaz": "beauty",
        "id": 76,
        "name": "美护"
    },
    {
        "aliaz": "other",
        "id": 77,
        "name": "其他"
    },
    {
        "aliaz": "clothing",
        "id": 66,
        "name": "穿衣"
    }
]
2018-04-14 08:54:35,674 - INFO - ------------------------------------用例结束------------------------------------

2018-04-14 08:54:35,674 - INFO - ------------------------------------用例开始------------------------------------
2018-04-14 08:54:35,822 - INFO - 1. 接口编号 : 2.0
2018-04-14 08:54:35,823 - INFO - 2. 接口名称 : Space - 热门空间名
2018-04-14 08:54:35,825 - INFO - 3. 接口描述 : 获取常用空间名
2018-04-14 08:54:35,825 - INFO - 4. 接口路由 : /api/v1/spaces/names
2018-04-14 08:54:35,825 - INFO - 5. 接口方式 : GET
2018-04-14 08:54:35,826 - INFO - 6. 接口头部 : 
2018-04-14 08:54:35,826 - INFO - 7. 接口数据 : {'count': '10', 'class_id': 67}
2018-04-14 08:54:35,826 - INFO - 8. 接口检查 : 
2018-04-14 08:54:35,827 - INFO - 9. 预期状态 ：{
    "names": [
        "舌尖上的中国",
        "美食",
        "民以食为天",
        "厨艺秀",
        "茶",
        "吃货世界",
        "正宗东海海鲜《海鲜大礼》",
        "吃货的世界",
        "我的衣柜",
        "我的店铺"
    ],
    "success": true
}
2018-04-14 08:54:35,827 - INFO - 10.接口预期 : 200
2018-04-14 08:54:35,827 - INFO - 11.接口返回 : {
    "names": [
        "舌尖上的中国",
        "美食",
        "民以食为天",
        "茶",
        "吃货世界",
        "厨艺秀",
        "吃货的世界",
        "正宗东海海鲜《海鲜大礼》",
        "我的衣柜",
        "我的店铺"
    ],
    "success": true
}
2018-04-14 08:54:35,828 - ERROR - 实际结果与预期结果不符！Traceback (most recent call last):
  File "/Users/xiaojingyuan/PycharmProjects/Appium/YunluFramework_API/testcase/SpaceAPI/TestSpaceApi.py", line 203, in test_api
    assert api_hope == response
AssertionError

2018-04-14 08:54:35,830 - INFO - ------------------------------------用例结束------------------------------------

2018-04-14 08:54:35,831 - INFO - ------------------------------------用例开始------------------------------------
2018-04-14 08:54:35,831 - INFO - 未执行测试用例编号 : 3.0 | 名称 : Space - 空间创建（私人空间）
2018-04-14 08:54:35,831 - INFO - ------------------------------------用例结束------------------------------------

2018-04-14 08:54:35,831 - INFO - ------------------------------------用例开始------------------------------------
2018-04-14 08:54:35,832 - INFO - 未执行测试用例编号 : 4.0 | 名称 : Space - 空间列表
2018-04-14 08:54:35,832 - INFO - ------------------------------------用例结束------------------------------------

2018-04-14 08:54:35,832 - INFO - ------------------------------------用例开始------------------------------------
2018-04-14 08:54:35,833 - INFO - 未执行测试用例编号 : 4_1 | 名称 : Space - 空间列表
2018-04-14 08:54:35,833 - INFO - ------------------------------------用例结束------------------------------------

2018-04-14 08:54:35,833 - INFO - ------------------------------------用例开始------------------------------------
2018-04-14 08:54:35,834 - INFO - 未执行测试用例编号 : 5.0 | 名称 : Space - 空间更新（私人空间）
2018-04-14 08:54:35,834 - INFO - ------------------------------------用例结束------------------------------------

2018-04-14 08:54:35,834 - INFO - ------------------------------------用例开始------------------------------------
2018-04-14 08:54:35,834 - INFO - 未执行测试用例编号 : 6.0 | 名称 : Space - 文件夹创建
2018-04-14 08:54:35,835 - INFO - ------------------------------------用例结束------------------------------------

2018-04-14 08:54:35,835 - INFO - ------------------------------------用例开始------------------------------------
2018-04-14 08:54:35,835 - INFO - 未执行测试用例编号 : 7.0 | 名称 : Space - 文件夹更新
2018-04-14 08:54:35,836 - INFO - ------------------------------------用例结束------------------------------------

2018-04-14 08:54:35,836 - INFO - ------------------------------------用例开始------------------------------------
2018-04-14 08:54:35,836 - INFO - 未执行测试用例编号 : 8.0 | 名称 : Space - 文件夹列表
2018-04-14 08:54:35,837 - INFO - ------------------------------------用例结束------------------------------------

2018-04-14 08:54:35,837 - INFO - ------------------------------------用例开始------------------------------------
2018-04-14 08:54:35,837 - INFO - 未执行测试用例编号 : 9.0 | 名称 : Space - 空间概况（私人空间）
2018-04-14 08:54:35,838 - INFO - ------------------------------------用例结束------------------------------------

2018-04-14 08:54:35,838 - INFO - ------------------------------------用例开始------------------------------------
2018-04-14 08:54:35,839 - INFO - 未执行测试用例编号 : 10.0 | 名称 : Space - 文件夹删除
2018-04-14 08:54:35,839 - INFO - ------------------------------------用例结束------------------------------------

2018-04-14 08:54:35,839 - INFO - ------------------------------------用例开始------------------------------------
2018-04-14 08:54:35,840 - INFO - 未执行测试用例编号 : 11.0 | 名称 : Space - 空间删除（私人空间）
2018-04-14 08:54:35,840 - INFO - ------------------------------------用例结束------------------------------------

2018-04-14 08:54:35,840 - INFO - ------------------------------------用例开始------------------------------------
2018-04-14 08:54:35,841 - INFO - 未执行测试用例编号 : 12.0 | 名称 : Team_Construction - 业务列表
2018-04-14 08:54:35,841 - INFO - ------------------------------------用例结束------------------------------------

2018-04-14 08:54:35,841 - INFO - ------------------------------------用例开始------------------------------------
2018-04-14 08:54:35,841 - INFO - 未执行测试用例编号 : 13.0 | 名称 : Team_Construction - 业务开启
2018-04-14 08:54:35,842 - INFO - ------------------------------------用例结束------------------------------------

2018-04-14 08:54:35,842 - INFO - ------------------------------------用例开始------------------------------------
2018-04-14 08:54:35,842 - INFO - 未执行测试用例编号 : 14.0 | 名称 : Team_Construction - 是否是团队员工
2018-04-14 08:54:35,843 - INFO - ------------------------------------用例结束------------------------------------

2018-04-14 08:54:35,843 - INFO - ------------------------------------用例开始------------------------------------
2018-04-14 08:54:35,843 - INFO - 未执行测试用例编号 : 15.0 | 名称 : Team_Construction - 部门列表
2018-04-14 08:54:35,844 - INFO - ------------------------------------用例结束------------------------------------

2018-04-14 08:54:35,844 - INFO - ------------------------------------用例开始------------------------------------
2018-04-14 08:54:35,844 - INFO - 未执行测试用例编号 : 15_1 | 名称 : Team_Construction - 部门列表
2018-04-14 08:54:35,845 - INFO - ------------------------------------用例结束------------------------------------

2018-04-14 08:54:35,845 - INFO - ------------------------------------用例开始------------------------------------
2018-04-14 08:54:35,845 - INFO - 未执行测试用例编号 : 15_2 | 名称 : Team_Construction - 部门列表
2018-04-14 08:54:35,846 - INFO - ------------------------------------用例结束------------------------------------

2018-04-14 08:54:35,846 - INFO - ------------------------------------用例开始------------------------------------
2018-04-14 08:54:35,846 - INFO - 未执行测试用例编号 : 16.0 | 名称 : Team_Construction - 部门列表（我的部门）
2018-04-14 08:54:35,846 - INFO - ------------------------------------用例结束------------------------------------

2018-04-14 08:54:35,847 - INFO - ------------------------------------用例开始------------------------------------
2018-04-14 08:54:35,847 - INFO - 未执行测试用例编号 : 17.0 | 名称 : Team_Construction - 职位详情
2018-04-14 08:54:35,847 - INFO - ------------------------------------用例结束------------------------------------

2018-04-14 08:54:35,848 - INFO - ------------------------------------用例开始------------------------------------
2018-04-14 08:54:35,848 - INFO - 未执行测试用例编号 : 18.0 | 名称 : Team_Construction - 职位更新
2018-04-14 08:54:35,848 - INFO - ------------------------------------用例结束------------------------------------

2018-04-14 08:54:35,848 - INFO - ------------------------------------用例开始------------------------------------
2018-04-14 08:54:35,849 - INFO - 未执行测试用例编号 : 19.0 | 名称 : Team_Construction - 职位列表
2018-04-14 08:54:35,849 - INFO - ------------------------------------用例结束------------------------------------

2018-04-14 08:54:35,849 - INFO - ------------------------------------用例开始------------------------------------
2018-04-14 08:54:35,849 - INFO - 未执行测试用例编号 : 20.0 | 名称 : Personal - 职位-申请（借用）
2018-04-14 08:54:35,849 - INFO - ------------------------------------用例结束------------------------------------

2018-04-14 08:54:35,850 - INFO - ------------------------------------用例开始------------------------------------
2018-04-14 08:54:35,850 - INFO - 未执行测试用例编号 : 21.0 | 名称 : Team_Construction - 职位申请-处理
2018-04-14 08:54:35,850 - INFO - ------------------------------------用例结束------------------------------------

2018-04-14 08:54:35,851 - INFO - ------------------------------------用例开始------------------------------------
2018-04-14 08:54:35,851 - INFO - 未执行测试用例编号 : 22_1 | 名称 : Team_Construction - 员工列表
2018-04-14 08:54:35,851 - INFO - ------------------------------------用例结束------------------------------------

2018-04-14 08:54:35,851 - INFO - ------------------------------------用例开始------------------------------------
2018-04-14 08:54:35,852 - INFO - 未执行测试用例编号 : 23.0 | 名称 : Team_Construction - 员工任免
2018-04-14 08:54:35,852 - INFO - ------------------------------------用例结束------------------------------------

2018-04-14 08:54:35,852 - INFO - ------------------------------------用例开始------------------------------------
2018-04-14 08:54:35,853 - INFO - 未执行测试用例编号 : 22_2 | 名称 : Team_Construction - 员工列表
2018-04-14 08:54:35,853 - INFO - ------------------------------------用例结束------------------------------------

2018-04-14 08:54:35,853 - INFO - ------------------------------------用例开始------------------------------------
2018-04-14 08:54:35,854 - INFO - 未执行测试用例编号 : 22_3 | 名称 : Team_Construction - 员工列表
2018-04-14 08:54:35,854 - INFO - ------------------------------------用例结束------------------------------------

2018-04-14 08:54:35,854 - INFO - ------------------------------------用例开始------------------------------------
2018-04-14 08:54:35,854 - INFO - 未执行测试用例编号 : 24.0 | 名称 : Team_Construction - 员工移除
2018-04-14 08:54:35,855 - INFO - ------------------------------------用例结束------------------------------------

2018-04-14 08:54:35,855 - INFO - ------------------------------------用例开始------------------------------------
2018-04-14 08:54:35,855 - INFO - 未执行测试用例编号 : 25_1 | 名称 : Contacts - 联系人列表（借用）
2018-04-14 08:54:35,855 - INFO - ------------------------------------用例结束------------------------------------

2018-04-14 08:54:35,856 - INFO - ------------------------------------用例开始------------------------------------
2018-04-14 08:54:35,856 - INFO - 未执行测试用例编号 : 26.0 | 名称 : Team_Construction - 员工新增-邀请
2018-04-14 08:54:35,856 - INFO - ------------------------------------用例结束------------------------------------

2018-04-14 08:54:35,856 - INFO - ------------------------------------用例开始------------------------------------
2018-04-14 08:54:35,857 - INFO - 未执行测试用例编号 : 27.0 | 名称 : Personal - 职位邀请-处理（借用）
2018-04-14 08:54:35,857 - INFO - ------------------------------------用例结束------------------------------------

2018-04-14 08:54:35,857 - INFO - ------------------------------------用例开始------------------------------------
2018-04-14 08:54:35,857 - INFO - 未执行测试用例编号 : 28.0 | 名称 : Team_Construction - 员工主动退出
2018-04-14 08:54:35,858 - INFO - ------------------------------------用例结束------------------------------------

2018-04-14 08:54:35,858 - INFO - ------------------------------------用例开始------------------------------------
2018-04-14 08:54:35,858 - INFO - 未执行测试用例编号 : 29.0 | 名称 : Cloud - 获取上传凭证
2018-04-14 08:54:35,858 - INFO - ------------------------------------用例结束------------------------------------

2018-04-14 08:54:35,859 - INFO - ------------------------------------用例开始------------------------------------
2018-04-14 08:54:35,859 - INFO - 未执行测试用例编号 : 30.0 | 名称 : Product - 产品-创建
2018-04-14 08:54:35,859 - INFO - ------------------------------------用例结束------------------------------------

2018-04-14 08:54:35,860 - INFO - ------------------------------------用例开始------------------------------------
2018-04-14 08:54:35,860 - INFO - 未执行测试用例编号 : 30_1 | 名称 : Product - 产品-创建
2018-04-14 08:54:35,860 - INFO - ------------------------------------用例结束------------------------------------

2018-04-14 08:54:35,861 - INFO - ------------------------------------用例开始------------------------------------
2018-04-14 08:54:35,861 - INFO - 未执行测试用例编号 : 30_2 | 名称 : Product - 产品-创建
2018-04-14 08:54:35,861 - INFO - ------------------------------------用例结束------------------------------------

2018-04-14 08:54:35,861 - INFO - ------------------------------------用例开始------------------------------------
2018-04-14 08:54:35,862 - INFO - 未执行测试用例编号 : 30_2 | 名称 : Product - 产品-创建
2018-04-14 08:54:35,862 - INFO - ------------------------------------用例结束------------------------------------

2018-04-14 08:54:35,862 - INFO - ------------------------------------用例开始------------------------------------
2018-04-14 08:54:35,862 - INFO - 未执行测试用例编号 : 31.0 | 名称 : Product - 产品-删除
2018-04-14 08:54:35,863 - INFO - ------------------------------------用例结束------------------------------------

2018-04-14 08:54:35,863 - INFO - ****************************************SpaceAPI_Private：结束****************************************

